#
# There is insufficient memory for the Java Runtime Environment to continue.
# Native memory allocation (mmap) failed to map 23068672 bytes for G1 virtual space
# Possible reasons:
#   The system is out of physical RAM or swap space
#   The process is running with CompressedOops enabled, and the Java Heap may be blocking the growth of the native heap
# Possible solutions:
#   Reduce memory load on the system
#   Increase physical memory or swap space
#   Check if swap backing store is full
#   Decrease Java heap size (-Xmx/-Xms)
#   Decrease number of Java threads
#   Decrease Java thread stack sizes (-Xss)
#   Set larger code cache with -XX:ReservedCodeCacheSize=
#   JVM is running with Unscaled Compressed Oops mode in which the Java heap is
#     placed in the first 4GB address space. The Java Heap base address is the
#     maximum limit for the native heap growth. Please use -XX:HeapBaseMinAddress
#     to set the Java Heap base and to place the Java Heap above 4GB virtual address.
# This output file may be truncated or incomplete.
#
#  Out of Memory Error (os_windows.cpp:3550), pid=11216, tid=10916
#
# JRE version: Java(TM) SE Runtime Environment (17.0.8+9) (build 17.0.8+9-LTS-211)
# Java VM: Java HotSpot(TM) 64-Bit Server VM (17.0.8+9-LTS-211, mixed mode, sharing, tiered, compressed oops, compressed class ptrs, g1 gc, windows-amd64)
# No core dump will be written. Minidumps are not enabled by default on client versions of Windows
#

---------------  S U M M A R Y ------------

Command Line: -Dclassworlds.conf=C:/Users/sathonay/Documents/apache-maven-3.8.3/bin/m2.conf -Dmaven.home=C:/Users/sathonay/Documents/apache-maven-3.8.3 -Dlibrary.jansi.path=C:/Users/sathonay/Documents/apache-maven-3.8.3/lib/jansi-native -Dmaven.multiModuleProjectDirectory=C:/Users/sathonay/Documents/GitHub/sathonay/nPaper org.codehaus.plexus.classworlds.launcher.Launcher clean package

Host: Intel(R) Core(TM) i5-4670 CPU @ 3.40GHz, 4 cores, 7G,  Windows 10 , 64 bit Build 19041 (10.0.19041.3636)
Time: Sun Jan 28 15:45:43 2024 Paris, Madrid elapsed time: 30.343364 seconds (0d 0h 0m 30s)

---------------  T H R E A D  ---------------

Current thread (0x000001b7708fdd50):  VMThread "VM Thread" [stack: 0x00000014e0c00000,0x00000014e0d00000] [id=10916]

Stack: [0x00000014e0c00000,0x00000014e0d00000]
Native frames: (J=compiled Java code, j=interpreted, Vv=VM code, C=native code)
V  [jvm.dll+0x677d0a]
V  [jvm.dll+0x7d8c54]
V  [jvm.dll+0x7da3fe]
V  [jvm.dll+0x7daa63]
V  [jvm.dll+0x245c5f]
V  [jvm.dll+0x674bb9]
V  [jvm.dll+0x6694f2]
V  [jvm.dll+0x3031d6]
V  [jvm.dll+0x30a756]
V  [jvm.dll+0x359f9e]
V  [jvm.dll+0x35a1cf]
V  [jvm.dll+0x2da3e8]
V  [jvm.dll+0x2d87f5]
V  [jvm.dll+0x2d7dfc]
V  [jvm.dll+0x31b4cb]
V  [jvm.dll+0x7df26b]
V  [jvm.dll+0x7dffa4]
V  [jvm.dll+0x7e04bd]
V  [jvm.dll+0x7e0894]
V  [jvm.dll+0x7e0960]
V  [jvm.dll+0x788bba]
V  [jvm.dll+0x676b35]
C  [ucrtbase.dll+0x21bb2]
C  [KERNEL32.DLL+0x17344]
C  [ntdll.dll+0x526b1]

VM_Operation (0x00000014e06fbe50): G1CollectForAllocation, mode: safepoint, requested by thread 0x000001b753036090


---------------  P R O C E S S  ---------------

Threads class SMR info:
_java_thread_list=0x000001b7772f5640, length=12, elements={
0x000001b753036090, 0x000001b770903960, 0x000001b7709047d0, 0x000001b7709168a0,
0x000001b77091a770, 0x000001b77091b530, 0x000001b77091bee0, 0x000001b7709259c0,
0x000001b77092e470, 0x000001b770930e70, 0x000001b770b945b0, 0x000001b770b9aeb0
}

Java Threads: ( => current thread )
  0x000001b753036090 JavaThread "main" [_thread_blocked, id=12084, stack(0x00000014e0600000,0x00000014e0700000)]
  0x000001b770903960 JavaThread "Reference Handler" daemon [_thread_blocked, id=15700, stack(0x00000014e0d00000,0x00000014e0e00000)]
  0x000001b7709047d0 JavaThread "Finalizer" daemon [_thread_blocked, id=14060, stack(0x00000014e0e00000,0x00000014e0f00000)]
  0x000001b7709168a0 JavaThread "Signal Dispatcher" daemon [_thread_blocked, id=16444, stack(0x00000014e0f00000,0x00000014e1000000)]
  0x000001b77091a770 JavaThread "Attach Listener" daemon [_thread_blocked, id=6868, stack(0x00000014e1000000,0x00000014e1100000)]
  0x000001b77091b530 JavaThread "Service Thread" daemon [_thread_blocked, id=16632, stack(0x00000014e1100000,0x00000014e1200000)]
  0x000001b77091bee0 JavaThread "Monitor Deflation Thread" daemon [_thread_blocked, id=5160, stack(0x00000014e1200000,0x00000014e1300000)]
  0x000001b7709259c0 JavaThread "C2 CompilerThread0" daemon [_thread_blocked, id=18272, stack(0x00000014e1300000,0x00000014e1400000)]
  0x000001b77092e470 JavaThread "C1 CompilerThread0" daemon [_thread_blocked, id=12760, stack(0x00000014e1400000,0x00000014e1500000)]
  0x000001b770930e70 JavaThread "Sweeper thread" daemon [_thread_blocked, id=14112, stack(0x00000014e1500000,0x00000014e1600000)]
  0x000001b770b945b0 JavaThread "Notification Thread" daemon [_thread_blocked, id=18368, stack(0x00000014e1600000,0x00000014e1700000)]
  0x000001b770b9aeb0 JavaThread "Common-Cleaner" daemon [_thread_blocked, id=6724, stack(0x00000014e1800000,0x00000014e1900000)]

Other Threads:
=>0x000001b7708fdd50 VMThread "VM Thread" [stack: 0x00000014e0c00000,0x00000014e0d00000] [id=10916]
  0x000001b7530aac40 WatcherThread [stack: 0x00000014e1700000,0x00000014e1800000] [id=17812]
  0x000001b753091540 GCTaskThread "GC Thread#0" [stack: 0x00000014e0700000,0x00000014e0800000] [id=18140]
  0x000001b770bb53e0 GCTaskThread "GC Thread#1" [stack: 0x00000014e1900000,0x00000014e1a00000] [id=1936]
  0x000001b77553af70 GCTaskThread "GC Thread#2" [stack: 0x00000014e1a00000,0x00000014e1b00000] [id=7380]
  0x000001b7754ebf50 GCTaskThread "GC Thread#3" [stack: 0x00000014e1b00000,0x00000014e1c00000] [id=17596]
  0x000001b7530a3290 ConcurrentGCThread "G1 Main Marker" [stack: 0x00000014e0800000,0x00000014e0900000] [id=16904]
  0x000001b7530a4440 ConcurrentGCThread "G1 Conc#0" [stack: 0x00000014e0900000,0x00000014e0a00000] [id=9980]
  0x000001b7707b0090 ConcurrentGCThread "G1 Refine#0" [stack: 0x00000014e0a00000,0x00000014e0b00000] [id=16992]
  0x000001b7755ab7b0 ConcurrentGCThread "G1 Refine#1" [stack: 0x00000014e1d00000,0x00000014e1e00000] [id=14456]
  0x000001b777e13000 ConcurrentGCThread "G1 Refine#2" [stack: 0x00000014e1e00000,0x00000014e1f00000] [id=4272]
  0x000001b77880bc50 ConcurrentGCThread "G1 Refine#3" [stack: 0x00000014e1f00000,0x00000014e2000000] [id=18404]
  0x000001b7707b0ab0 ConcurrentGCThread "G1 Service" [stack: 0x00000014e0b00000,0x00000014e0c00000] [id=17988]

Threads with active compile tasks:
C2 CompilerThread0    30445 10220   !   4       com.sun.tools.javac.comp.MemberEnter::visitVarDef (567 bytes)

VM state: at safepoint (normal execution)

VM Mutex/Monitor currently owned by a thread:  ([mutex/lock_event])
[0x000001b753030d20] Threads_lock - owner thread: 0x000001b7708fdd50
[0x000001b753031e00] Heap_lock - owner thread: 0x000001b753036090

Heap address: 0x0000000081000000, size: 2032 MB, Compressed Oops mode: 32-bit

CDS archive(s) mapped at: [0x000001b700000000-0x000001b700bd0000-0x000001b700bd0000), size 12386304, SharedBaseAddress: 0x000001b700000000, ArchiveRelocationMode: 1.
Compressed class space mapped at: 0x000001b701000000-0x000001b741000000, reserved size: 1073741824
Narrow klass base: 0x000001b700000000, Narrow klass shift: 0, Narrow klass range: 0x100000000

GC Precious Log:
 CPUs: 4 total, 4 available
 Memory: 8120M
 Large Page Support: Disabled
 NUMA Support: Disabled
 Compressed Oops: Enabled (32-bit)
 Heap Region Size: 1M
 Heap Min Capacity: 8M
 Heap Initial Capacity: 128M
 Heap Max Capacity: 2032M
 Pre-touch: Disabled
 Parallel Workers: 4
 Concurrent Workers: 1
 Concurrent Refinement Workers: 4
 Periodic GC: Disabled

Heap:
 garbage-first heap   total 131072K, used 64422K [0x0000000081000000, 0x0000000100000000)
  region size 1024K, 1 young (1024K), 1 survivors (1024K)
 Metaspace       used 33687K, committed 34112K, reserved 1114112K
  class space    used 3631K, committed 3840K, reserved 1048576K

Heap Regions: E=young(eden), S=young(survivor), O=old, HS=humongous(starts), HC=humongous(continues), CS=collection set, F=free, OA=open archive, CA=closed archive, TAMS=top-at-mark-start (previous, next)
|   0|0x0000000081000000, 0x0000000081100000, 0x0000000081100000|100%| O|  |TAMS 0x0000000081100000, 0x0000000081100000| Untracked 
|   1|0x0000000081100000, 0x0000000081200000, 0x0000000081200000|100%| O|  |TAMS 0x0000000081200000, 0x0000000081200000| Untracked 
|   2|0x0000000081200000, 0x0000000081300000, 0x0000000081300000|100%| O|  |TAMS 0x0000000081300000, 0x0000000081300000| Untracked 
|   3|0x0000000081300000, 0x0000000081400000, 0x0000000081400000|100%| O|  |TAMS 0x0000000081400000, 0x0000000081400000| Untracked 
|   4|0x0000000081400000, 0x0000000081500000, 0x0000000081500000|100%| O|  |TAMS 0x0000000081500000, 0x0000000081500000| Untracked 
|   5|0x0000000081500000, 0x0000000081600000, 0x0000000081600000|100%| O|  |TAMS 0x0000000081600000, 0x0000000081600000| Untracked 
|   6|0x0000000081600000, 0x0000000081700000, 0x0000000081700000|100%| O|  |TAMS 0x0000000081700000, 0x0000000081700000| Untracked 
|   7|0x0000000081700000, 0x0000000081800000, 0x0000000081800000|100%| O|  |TAMS 0x0000000081800000, 0x0000000081800000| Untracked 
|   8|0x0000000081800000, 0x0000000081900000, 0x0000000081900000|100%| O|  |TAMS 0x0000000081900000, 0x0000000081900000| Untracked 
|   9|0x0000000081900000, 0x0000000081a00000, 0x0000000081a00000|100%| O|  |TAMS 0x0000000081a00000, 0x0000000081a00000| Untracked 
|  10|0x0000000081a00000, 0x0000000081b00000, 0x0000000081b00000|100%| O|  |TAMS 0x0000000081b00000, 0x0000000081b00000| Untracked 
|  11|0x0000000081b00000, 0x0000000081c00000, 0x0000000081c00000|100%| O|  |TAMS 0x0000000081c00000, 0x0000000081c00000| Untracked 
|  12|0x0000000081c00000, 0x0000000081d00000, 0x0000000081d00000|100%| O|  |TAMS 0x0000000081d00000, 0x0000000081d00000| Untracked 
|  13|0x0000000081d00000, 0x0000000081e00000, 0x0000000081e00000|100%| O|  |TAMS 0x0000000081e00000, 0x0000000081e00000| Untracked 
|  14|0x0000000081e00000, 0x0000000081f00000, 0x0000000081f00000|100%| O|  |TAMS 0x0000000081f00000, 0x0000000081f00000| Untracked 
|  15|0x0000000081f00000, 0x0000000082000000, 0x0000000082000000|100%| O|  |TAMS 0x0000000082000000, 0x0000000082000000| Untracked 
|  16|0x0000000082000000, 0x0000000082100000, 0x0000000082100000|100%| O|  |TAMS 0x0000000082100000, 0x0000000082100000| Untracked 
|  17|0x0000000082100000, 0x0000000082200000, 0x0000000082200000|100%| O|  |TAMS 0x0000000082200000, 0x0000000082200000| Untracked 
|  18|0x0000000082200000, 0x0000000082300000, 0x0000000082300000|100%| O|  |TAMS 0x0000000082300000, 0x0000000082300000| Untracked 
|  19|0x0000000082300000, 0x0000000082400000, 0x0000000082400000|100%| O|  |TAMS 0x0000000082400000, 0x0000000082400000| Untracked 
|  20|0x0000000082400000, 0x0000000082500000, 0x0000000082500000|100%| O|  |TAMS 0x0000000082500000, 0x0000000082500000| Untracked 
|  21|0x0000000082500000, 0x0000000082600000, 0x0000000082600000|100%| O|  |TAMS 0x0000000082600000, 0x0000000082600000| Untracked 
|  22|0x0000000082600000, 0x0000000082700000, 0x0000000082700000|100%| O|  |TAMS 0x0000000082700000, 0x0000000082700000| Untracked 
|  23|0x0000000082700000, 0x0000000082800000, 0x0000000082800000|100%| O|  |TAMS 0x0000000082800000, 0x0000000082800000| Untracked 
|  24|0x0000000082800000, 0x0000000082900000, 0x0000000082900000|100%| O|  |TAMS 0x0000000082900000, 0x0000000082900000| Untracked 
|  25|0x0000000082900000, 0x0000000082a00000, 0x0000000082a00000|100%| O|  |TAMS 0x0000000082a00000, 0x0000000082a00000| Untracked 
|  26|0x0000000082a00000, 0x0000000082b00000, 0x0000000082b00000|100%| O|  |TAMS 0x0000000082b00000, 0x0000000082b00000| Untracked 
|  27|0x0000000082b00000, 0x0000000082c00000, 0x0000000082c00000|100%| O|  |TAMS 0x0000000082c00000, 0x0000000082c00000| Untracked 
|  28|0x0000000082c00000, 0x0000000082d00000, 0x0000000082d00000|100%| O|  |TAMS 0x0000000082d00000, 0x0000000082d00000| Untracked 
|  29|0x0000000082d00000, 0x0000000082d00000, 0x0000000082e00000|  0%| F|  |TAMS 0x0000000082d00000, 0x0000000082d00000| Untracked 
|  30|0x0000000082e00000, 0x0000000082f00000, 0x0000000082f00000|100%| O|  |TAMS 0x0000000082f00000, 0x0000000082f00000| Untracked 
|  31|0x0000000082f00000, 0x0000000083000000, 0x0000000083000000|100%| O|  |TAMS 0x0000000083000000, 0x0000000083000000| Untracked 
|  32|0x0000000083000000, 0x0000000083100000, 0x0000000083100000|100%| O|  |TAMS 0x0000000083100000, 0x0000000083100000| Untracked 
|  33|0x0000000083100000, 0x0000000083200000, 0x0000000083200000|100%| O|  |TAMS 0x0000000083200000, 0x0000000083200000| Untracked 
|  34|0x0000000083200000, 0x0000000083300000, 0x0000000083300000|100%| O|  |TAMS 0x0000000083300000, 0x0000000083300000| Untracked 
|  35|0x0000000083300000, 0x0000000083400000, 0x0000000083400000|100%| O|  |TAMS 0x0000000083400000, 0x0000000083400000| Untracked 
|  36|0x0000000083400000, 0x0000000083500000, 0x0000000083500000|100%| O|  |TAMS 0x0000000083500000, 0x0000000083500000| Untracked 
|  37|0x0000000083500000, 0x0000000083600000, 0x0000000083600000|100%| O|  |TAMS 0x0000000083600000, 0x0000000083600000| Untracked 
|  38|0x0000000083600000, 0x0000000083700000, 0x0000000083700000|100%| O|  |TAMS 0x0000000083700000, 0x0000000083700000| Untracked 
|  39|0x0000000083700000, 0x0000000083800000, 0x0000000083800000|100%| O|  |TAMS 0x0000000083800000, 0x0000000083800000| Untracked 
|  40|0x0000000083800000, 0x0000000083900000, 0x0000000083900000|100%| O|  |TAMS 0x0000000083900000, 0x0000000083900000| Untracked 
|  41|0x0000000083900000, 0x0000000083a00000, 0x0000000083a00000|100%| O|  |TAMS 0x0000000083a00000, 0x0000000083a00000| Untracked 
|  42|0x0000000083a00000, 0x0000000083b00000, 0x0000000083b00000|100%| O|  |TAMS 0x0000000083b00000, 0x0000000083b00000| Untracked 
|  43|0x0000000083b00000, 0x0000000083c00000, 0x0000000083c00000|100%| O|  |TAMS 0x0000000083c00000, 0x0000000083c00000| Untracked 
|  44|0x0000000083c00000, 0x0000000083d00000, 0x0000000083d00000|100%|HS|  |TAMS 0x0000000083d00000, 0x0000000083d00000| Complete 
|  45|0x0000000083d00000, 0x0000000083e00000, 0x0000000083e00000|100%|HC|  |TAMS 0x0000000083e00000, 0x0000000083e00000| Complete 
|  46|0x0000000083e00000, 0x0000000083f00000, 0x0000000083f00000|100%| O|  |TAMS 0x0000000083f00000, 0x0000000083f00000| Untracked 
|  47|0x0000000083f00000, 0x0000000084000000, 0x0000000084000000|100%| O|  |TAMS 0x0000000084000000, 0x0000000084000000| Untracked 
|  48|0x0000000084000000, 0x0000000084100000, 0x0000000084100000|100%| O|  |TAMS 0x0000000084100000, 0x0000000084100000| Untracked 
|  49|0x0000000084100000, 0x0000000084200000, 0x0000000084200000|100%| O|  |TAMS 0x0000000084200000, 0x0000000084200000| Untracked 
|  50|0x0000000084200000, 0x0000000084300000, 0x0000000084300000|100%| O|  |TAMS 0x0000000084300000, 0x0000000084300000| Untracked 
|  51|0x0000000084300000, 0x0000000084400000, 0x0000000084400000|100%| O|  |TAMS 0x0000000084400000, 0x0000000084400000| Untracked 
|  52|0x0000000084400000, 0x0000000084500000, 0x0000000084500000|100%| O|  |TAMS 0x0000000084500000, 0x0000000084500000| Untracked 
|  53|0x0000000084500000, 0x0000000084600000, 0x0000000084600000|100%| O|  |TAMS 0x0000000084600000, 0x0000000084600000| Untracked 
|  54|0x0000000084600000, 0x0000000084700000, 0x0000000084700000|100%| O|  |TAMS 0x0000000084600000, 0x0000000084700000| Untracked 
|  55|0x0000000084700000, 0x0000000084800000, 0x0000000084800000|100%| O|  |TAMS 0x0000000084800000, 0x0000000084800000| Untracked 
|  56|0x0000000084800000, 0x0000000084900000, 0x0000000084900000|100%| O|  |TAMS 0x0000000084900000, 0x0000000084900000| Untracked 
|  57|0x0000000084900000, 0x0000000084a00000, 0x0000000084a00000|100%| O|  |TAMS 0x0000000084a00000, 0x0000000084a00000| Untracked 
|  58|0x0000000084a00000, 0x0000000084b00000, 0x0000000084b00000|100%| O|  |TAMS 0x0000000084b00000, 0x0000000084b00000| Untracked 
|  59|0x0000000084b00000, 0x0000000084c00000, 0x0000000084c00000|100%| O|  |TAMS 0x0000000084c00000, 0x0000000084c00000| Untracked 
|  60|0x0000000084c00000, 0x0000000084d00000, 0x0000000084d00000|100%| O|  |TAMS 0x0000000084d00000, 0x0000000084d00000| Untracked 
|  61|0x0000000084d00000, 0x0000000084e00000, 0x0000000084e00000|100%| O|  |TAMS 0x0000000084d7f600, 0x0000000084e00000| Untracked 
|  62|0x0000000084e00000, 0x0000000084ee9a00, 0x0000000084f00000| 91%| O|  |TAMS 0x0000000084e00000, 0x0000000084ee9a00| Untracked 
|  63|0x0000000084f00000, 0x0000000084f00000, 0x0000000085000000|  0%| F|  |TAMS 0x0000000084f00000, 0x0000000084f00000| Untracked 
|  64|0x0000000085000000, 0x0000000085000000, 0x0000000085100000|  0%| F|  |TAMS 0x0000000085000000, 0x0000000085000000| Untracked 
|  65|0x0000000085100000, 0x0000000085100000, 0x0000000085200000|  0%| F|  |TAMS 0x0000000085100000, 0x0000000085100000| Untracked 
|  66|0x0000000085200000, 0x0000000085200000, 0x0000000085300000|  0%| F|  |TAMS 0x0000000085200000, 0x0000000085200000| Untracked 
|  67|0x0000000085300000, 0x0000000085300000, 0x0000000085400000|  0%| F|  |TAMS 0x0000000085300000, 0x0000000085300000| Untracked 
|  68|0x0000000085400000, 0x0000000085400000, 0x0000000085500000|  0%| F|  |TAMS 0x0000000085400000, 0x0000000085400000| Untracked 
|  69|0x0000000085500000, 0x0000000085500000, 0x0000000085600000|  0%| F|  |TAMS 0x0000000085500000, 0x0000000085500000| Untracked 
|  70|0x0000000085600000, 0x0000000085600000, 0x0000000085700000|  0%| F|  |TAMS 0x0000000085600000, 0x0000000085600000| Untracked 
|  71|0x0000000085700000, 0x0000000085700000, 0x0000000085800000|  0%| F|  |TAMS 0x0000000085700000, 0x0000000085700000| Untracked 
|  72|0x0000000085800000, 0x0000000085800000, 0x0000000085900000|  0%| F|  |TAMS 0x0000000085800000, 0x0000000085800000| Untracked 
|  73|0x0000000085900000, 0x0000000085900000, 0x0000000085a00000|  0%| F|  |TAMS 0x0000000085900000, 0x0000000085900000| Untracked 
|  74|0x0000000085a00000, 0x0000000085a00000, 0x0000000085b00000|  0%| F|  |TAMS 0x0000000085a00000, 0x0000000085a00000| Untracked 
|  75|0x0000000085b00000, 0x0000000085b00000, 0x0000000085c00000|  0%| F|  |TAMS 0x0000000085b00000, 0x0000000085b00000| Untracked 
|  76|0x0000000085c00000, 0x0000000085c00000, 0x0000000085d00000|  0%| F|  |TAMS 0x0000000085c00000, 0x0000000085c00000| Untracked 
|  77|0x0000000085d00000, 0x0000000085d00000, 0x0000000085e00000|  0%| F|  |TAMS 0x0000000085d00000, 0x0000000085d00000| Untracked 
|  78|0x0000000085e00000, 0x0000000085e00000, 0x0000000085f00000|  0%| F|  |TAMS 0x0000000085e00000, 0x0000000085e00000| Untracked 
|  79|0x0000000085f00000, 0x0000000086000000, 0x0000000086000000|100%| S|CS|TAMS 0x0000000085f00000, 0x0000000085f00000| Complete 
|  80|0x0000000086000000, 0x0000000086000000, 0x0000000086100000|  0%| F|  |TAMS 0x0000000086000000, 0x0000000086000000| Untracked 
|  81|0x0000000086100000, 0x0000000086100000, 0x0000000086200000|  0%| F|  |TAMS 0x0000000086100000, 0x0000000086100000| Untracked 
|  82|0x0000000086200000, 0x0000000086200000, 0x0000000086300000|  0%| F|  |TAMS 0x0000000086200000, 0x0000000086200000| Untracked 
|  83|0x0000000086300000, 0x0000000086300000, 0x0000000086400000|  0%| F|  |TAMS 0x0000000086300000, 0x0000000086300000| Untracked 
|  84|0x0000000086400000, 0x0000000086400000, 0x0000000086500000|  0%| F|  |TAMS 0x0000000086400000, 0x0000000086400000| Untracked 
|  85|0x0000000086500000, 0x0000000086500000, 0x0000000086600000|  0%| F|  |TAMS 0x0000000086500000, 0x0000000086500000| Untracked 
|  86|0x0000000086600000, 0x0000000086600000, 0x0000000086700000|  0%| F|  |TAMS 0x0000000086600000, 0x0000000086600000| Untracked 
|  87|0x0000000086700000, 0x0000000086700000, 0x0000000086800000|  0%| F|  |TAMS 0x0000000086700000, 0x0000000086700000| Untracked 
|  88|0x0000000086800000, 0x0000000086800000, 0x0000000086900000|  0%| F|  |TAMS 0x0000000086800000, 0x0000000086800000| Untracked 
|  89|0x0000000086900000, 0x0000000086900000, 0x0000000086a00000|  0%| F|  |TAMS 0x0000000086900000, 0x0000000086900000| Untracked 
|  90|0x0000000086a00000, 0x0000000086a00000, 0x0000000086b00000|  0%| F|  |TAMS 0x0000000086a00000, 0x0000000086a00000| Untracked 
|  91|0x0000000086b00000, 0x0000000086b00000, 0x0000000086c00000|  0%| F|  |TAMS 0x0000000086b00000, 0x0000000086b00000| Untracked 
|  92|0x0000000086c00000, 0x0000000086c00000, 0x0000000086d00000|  0%| F|  |TAMS 0x0000000086c00000, 0x0000000086c00000| Untracked 
|  93|0x0000000086d00000, 0x0000000086d00000, 0x0000000086e00000|  0%| F|  |TAMS 0x0000000086d00000, 0x0000000086d00000| Untracked 
|  94|0x0000000086e00000, 0x0000000086e00000, 0x0000000086f00000|  0%| F|  |TAMS 0x0000000086e00000, 0x0000000086e00000| Untracked 
|  95|0x0000000086f00000, 0x0000000086f00000, 0x0000000087000000|  0%| F|  |TAMS 0x0000000086f00000, 0x0000000086f00000| Untracked 
|  96|0x0000000087000000, 0x0000000087000000, 0x0000000087100000|  0%| F|  |TAMS 0x0000000087000000, 0x0000000087000000| Untracked 
|  97|0x0000000087100000, 0x0000000087100000, 0x0000000087200000|  0%| F|  |TAMS 0x0000000087100000, 0x0000000087100000| Untracked 
|  98|0x0000000087200000, 0x0000000087200000, 0x0000000087300000|  0%| F|  |TAMS 0x0000000087200000, 0x0000000087200000| Untracked 
|  99|0x0000000087300000, 0x0000000087300000, 0x0000000087400000|  0%| F|  |TAMS 0x0000000087300000, 0x0000000087300000| Untracked 
| 100|0x0000000087400000, 0x0000000087400000, 0x0000000087500000|  0%| F|  |TAMS 0x0000000087400000, 0x0000000087400000| Untracked 
| 101|0x0000000087500000, 0x0000000087500000, 0x0000000087600000|  0%| F|  |TAMS 0x0000000087500000, 0x0000000087500000| Untracked 
| 102|0x0000000087600000, 0x0000000087600000, 0x0000000087700000|  0%| F|  |TAMS 0x0000000087600000, 0x0000000087600000| Untracked 
| 103|0x0000000087700000, 0x0000000087700000, 0x0000000087800000|  0%| F|  |TAMS 0x0000000087700000, 0x0000000087700000| Untracked 
| 104|0x0000000087800000, 0x0000000087800000, 0x0000000087900000|  0%| F|  |TAMS 0x0000000087800000, 0x0000000087800000| Untracked 
| 105|0x0000000087900000, 0x0000000087900000, 0x0000000087a00000|  0%| F|  |TAMS 0x0000000087900000, 0x0000000087900000| Untracked 
| 106|0x0000000087a00000, 0x0000000087a00000, 0x0000000087b00000|  0%| F|  |TAMS 0x0000000087a00000, 0x0000000087a00000| Untracked 
| 107|0x0000000087b00000, 0x0000000087b00000, 0x0000000087c00000|  0%| F|  |TAMS 0x0000000087b00000, 0x0000000087b00000| Untracked 
| 108|0x0000000087c00000, 0x0000000087c00000, 0x0000000087d00000|  0%| F|  |TAMS 0x0000000087c00000, 0x0000000087c00000| Untracked 
| 109|0x0000000087d00000, 0x0000000087d00000, 0x0000000087e00000|  0%| F|  |TAMS 0x0000000087d00000, 0x0000000087d00000| Untracked 
| 110|0x0000000087e00000, 0x0000000087e00000, 0x0000000087f00000|  0%| F|  |TAMS 0x0000000087e00000, 0x0000000087e00000| Untracked 
| 111|0x0000000087f00000, 0x0000000087f00000, 0x0000000088000000|  0%| F|  |TAMS 0x0000000087f00000, 0x0000000087f00000| Untracked 
| 112|0x0000000088000000, 0x0000000088000000, 0x0000000088100000|  0%| F|  |TAMS 0x0000000088000000, 0x0000000088000000| Untracked 
| 113|0x0000000088100000, 0x0000000088100000, 0x0000000088200000|  0%| F|  |TAMS 0x0000000088100000, 0x0000000088100000| Untracked 
| 114|0x0000000088200000, 0x0000000088200000, 0x0000000088300000|  0%| F|  |TAMS 0x0000000088200000, 0x0000000088200000| Untracked 
| 115|0x0000000088300000, 0x0000000088300000, 0x0000000088400000|  0%| F|  |TAMS 0x0000000088300000, 0x0000000088300000| Untracked 
| 116|0x0000000088400000, 0x0000000088400000, 0x0000000088500000|  0%| F|  |TAMS 0x0000000088400000, 0x0000000088400000| Untracked 
| 117|0x0000000088500000, 0x0000000088500000, 0x0000000088600000|  0%| F|  |TAMS 0x0000000088500000, 0x0000000088500000| Untracked 
| 118|0x0000000088600000, 0x0000000088600000, 0x0000000088700000|  0%| F|  |TAMS 0x0000000088600000, 0x0000000088600000| Untracked 
| 119|0x0000000088700000, 0x0000000088700000, 0x0000000088800000|  0%| F|  |TAMS 0x0000000088700000, 0x0000000088700000| Untracked 
| 120|0x0000000088800000, 0x0000000088800000, 0x0000000088900000|  0%| F|  |TAMS 0x0000000088800000, 0x0000000088800000| Untracked 
| 121|0x0000000088900000, 0x0000000088900000, 0x0000000088a00000|  0%| F|  |TAMS 0x0000000088900000, 0x0000000088900000| Untracked 
| 122|0x0000000088a00000, 0x0000000088a00000, 0x0000000088b00000|  0%| F|  |TAMS 0x0000000088a00000, 0x0000000088a00000| Untracked 
| 123|0x0000000088b00000, 0x0000000088b00000, 0x0000000088c00000|  0%| F|  |TAMS 0x0000000088b00000, 0x0000000088b00000| Untracked 
| 124|0x0000000088c00000, 0x0000000088c00000, 0x0000000088d00000|  0%| F|  |TAMS 0x0000000088c00000, 0x0000000088c00000| Untracked 
| 125|0x0000000088d00000, 0x0000000088d00000, 0x0000000088e00000|  0%| F|  |TAMS 0x0000000088d00000, 0x0000000088d00000| Untracked 
| 126|0x0000000088e00000, 0x0000000088e00000, 0x0000000088f00000|  0%| F|  |TAMS 0x0000000088e00000, 0x0000000088e00000| Untracked 
| 127|0x0000000088f00000, 0x0000000088f00000, 0x0000000089000000|  0%| F|  |TAMS 0x0000000088f00000, 0x0000000088f00000| Untracked 

Card table byte_map: [0x000001b769ce0000,0x000001b76a0e0000] _byte_map_base: 0x000001b7698d8000

Marking Bits (Prev, Next): (CMBitMap*) 0x000001b753091b90, (CMBitMap*) 0x000001b753091b50
 Prev Bits: [0x000001b76c4a0000, 0x000001b76e460000)
 Next Bits: [0x000001b76a4e0000, 0x000001b76c4a0000)

Polling page: 0x000001b751010000

Metaspace:

Usage:
  Non-class:     29.35 MB used.
      Class:      3.55 MB used.
       Both:     32.90 MB used.

Virtual space:
  Non-class space:       64.00 MB reserved,      29.56 MB ( 46%) committed,  1 nodes.
      Class space:        1.00 GB reserved,       3.75 MB ( <1%) committed,  1 nodes.
             Both:        1.06 GB reserved,      33.31 MB (  3%) committed. 

Chunk freelists:
   Non-Class:  1.59 MB
       Class:  12.24 MB
        Both:  13.84 MB

MaxMetaspaceSize: unlimited
CompressedClassSpaceSize: 1.00 GB
Initial GC threshold: 21.00 MB
Current GC threshold: 55.31 MB
CDS: on
MetaspaceReclaimPolicy: balanced
 - commit_granule_bytes: 65536.
 - commit_granule_words: 8192.
 - virtual_space_node_default_size: 8388608.
 - enlarge_chunks_in_place: 1.
 - new_chunks_are_fully_committed: 0.
 - uncommit_free_chunks: 1.
 - use_allocation_guard: 0.
 - handle_deallocations: 1.


Internal statistics:

num_allocs_failed_limit: 3.
num_arena_births: 202.
num_arena_deaths: 0.
num_vsnodes_births: 2.
num_vsnodes_deaths: 0.
num_space_committed: 533.
num_space_uncommitted: 0.
num_chunks_returned_to_freelist: 3.
num_chunks_taken_from_freelist: 1323.
num_chunk_merges: 3.
num_chunk_splits: 967.
num_chunks_enlarged: 770.
num_purges: 0.
num_inconsistent_stats: 0.

CodeHeap 'non-profiled nmethods': size=120000Kb used=7131Kb max_used=7131Kb free=112868Kb
 bounds [0x000001b7623b0000, 0x000001b762ab0000, 0x000001b7698e0000]
CodeHeap 'profiled nmethods': size=120000Kb used=17928Kb max_used=19027Kb free=102071Kb
 bounds [0x000001b75a8e0000, 0x000001b75bb80000, 0x000001b761e10000]
CodeHeap 'non-nmethods': size=5760Kb used=1235Kb max_used=1306Kb free=4524Kb
 bounds [0x000001b761e10000, 0x000001b762080000, 0x000001b7623b0000]
 total_blobs=8674 nmethods=8133 adapters=452
 compilation: enabled
              stopped_count=0, restarted_count=0
 full_count=0

Compilation events (20 events):
Event: 30.098 Thread 0x000001b776e91890 nmethod 10210 0x000001b762aa5290 code [0x000001b762aa54c0, 0x000001b762aa61b8]
Event: 30.151 Thread 0x000001b77092e470 10212       3       com.sun.tools.javac.code.Types::isSubtype (183 bytes)
Event: 30.152 Thread 0x000001b77092e470 nmethod 10212 0x000001b75b93bc90 code [0x000001b75b93c160, 0x000001b75b93f118]
Event: 30.152 Thread 0x000001b77092e470 10216       3       com.sun.tools.javac.code.Type::equalsIgnoreMetadata (12 bytes)
Event: 30.152 Thread 0x000001b77092e470 nmethod 10216 0x000001b75b552790 code [0x000001b75b552980, 0x000001b75b552f68]
Event: 30.152 Thread 0x000001b77092e470 10213       3       com.sun.tools.javac.code.Types$14::visitClassType (10 bytes)
Event: 30.152 Thread 0x000001b77092e470 nmethod 10213 0x000001b75b517490 code [0x000001b75b517640, 0x000001b75b517868]
Event: 30.152 Thread 0x000001b77092e470 10214       3       com.sun.tools.javac.code.Types$14::visitClassType (54 bytes)
Event: 30.153 Thread 0x000001b77092e470 nmethod 10214 0x000001b75b595d90 code [0x000001b75b595f80, 0x000001b75b5964c8]
Event: 30.153 Thread 0x000001b77092e470 10215       3       com.sun.tools.javac.code.Types$14::combineMetadata (87 bytes)
Event: 30.153 Thread 0x000001b77092e470 nmethod 10215 0x000001b75b670790 code [0x000001b75b670980, 0x000001b75b670f68]
Event: 30.297 Thread 0x000001b77092e470 10217       3       java.util.stream.SpinedBuffer::capacity (38 bytes)
Event: 30.297 Thread 0x000001b77092e470 nmethod 10217 0x000001b75b466710 code [0x000001b75b4668c0, 0x000001b75b466ab8]
Event: 30.316 Thread 0x000001b77092e470 10218       3       java.util.HashMap$TreeNode::find (172 bytes)
Event: 30.317 Thread 0x000001b77092e470 nmethod 10218 0x000001b75b4e6a10 code [0x000001b75b4e6c40, 0x000001b75b4e76b8]
Event: 30.318 Thread 0x000001b7709259c0 10219       4       com.sun.tools.javac.comp.ArgumentAttr::visitTree (20 bytes)
Event: 30.319 Thread 0x000001b7709259c0 nmethod 10219 0x000001b762aa6990 code [0x000001b762aa6b00, 0x000001b762aa6c78]
Event: 30.320 Thread 0x000001b7709259c0 10220   !   4       com.sun.tools.javac.comp.MemberEnter::visitVarDef (567 bytes)
Event: 30.320 Thread 0x000001b77092e470 10223       3       com.sun.tools.javac.tree.TreeInfo::setVarargsElement (106 bytes)
Event: 30.321 Thread 0x000001b77092e470 nmethod 10223 0x000001b75b521c90 code [0x000001b75b521f40, 0x000001b75b522d98]

GC Heap History (20 events):
Event: 17.627 GC heap after
{Heap after GC invocations=20 (full 0):
 garbage-first heap   total 110592K, used 50176K [0x0000000081000000, 0x0000000100000000)
  region size 1024K, 5 young (5120K), 5 survivors (5120K)
 Metaspace       used 30405K, committed 30784K, reserved 1114112K
  class space    used 3403K, committed 3584K, reserved 1048576K
}
Event: 18.194 GC heap before
{Heap before GC invocations=20 (full 0):
 garbage-first heap   total 110592K, used 81920K [0x0000000081000000, 0x0000000100000000)
  region size 1024K, 34 young (34816K), 5 survivors (5120K)
 Metaspace       used 30573K, committed 30912K, reserved 1114112K
  class space    used 3411K, committed 3584K, reserved 1048576K
}
Event: 18.214 GC heap after
{Heap after GC invocations=21 (full 0):
 garbage-first heap   total 110592K, used 56980K [0x0000000081000000, 0x0000000100000000)
  region size 1024K, 5 young (5120K), 5 survivors (5120K)
 Metaspace       used 30573K, committed 30912K, reserved 1114112K
  class space    used 3411K, committed 3584K, reserved 1048576K
}
Event: 19.567 GC heap before
{Heap before GC invocations=21 (full 0):
 garbage-first heap   total 110592K, used 82580K [0x0000000081000000, 0x0000000100000000)
  region size 1024K, 30 young (30720K), 5 survivors (5120K)
 Metaspace       used 32441K, committed 32832K, reserved 1114112K
  class space    used 3594K, committed 3776K, reserved 1048576K
}
Event: 19.582 GC heap after
{Heap after GC invocations=22 (full 0):
 garbage-first heap   total 110592K, used 60273K [0x0000000081000000, 0x0000000100000000)
  region size 1024K, 3 young (3072K), 3 survivors (3072K)
 Metaspace       used 32441K, committed 32832K, reserved 1114112K
  class space    used 3594K, committed 3776K, reserved 1048576K
}
Event: 23.183 GC heap before
{Heap before GC invocations=23 (full 0):
 garbage-first heap   total 110592K, used 84849K [0x0000000081000000, 0x0000000100000000)
  region size 1024K, 27 young (27648K), 3 survivors (3072K)
 Metaspace       used 32991K, committed 33408K, reserved 1114112K
  class space    used 3606K, committed 3776K, reserved 1048576K
}
Event: 23.192 GC heap after
{Heap after GC invocations=24 (full 0):
 garbage-first heap   total 110592K, used 61477K [0x0000000081000000, 0x0000000100000000)
  region size 1024K, 2 young (2048K), 2 survivors (2048K)
 Metaspace       used 32991K, committed 33408K, reserved 1114112K
  class space    used 3606K, committed 3776K, reserved 1048576K
}
Event: 24.379 GC heap before
{Heap before GC invocations=24 (full 0):
 garbage-first heap   total 110592K, used 86053K [0x0000000081000000, 0x0000000100000000)
  region size 1024K, 26 young (26624K), 2 survivors (2048K)
 Metaspace       used 33306K, committed 33664K, reserved 1114112K
  class space    used 3617K, committed 3776K, reserved 1048576K
}
Event: 24.385 GC heap after
{Heap after GC invocations=25 (full 0):
 garbage-first heap   total 110592K, used 61940K [0x0000000081000000, 0x0000000100000000)
  region size 1024K, 2 young (2048K), 2 survivors (2048K)
 Metaspace       used 33306K, committed 33664K, reserved 1114112K
  class space    used 3617K, committed 3776K, reserved 1048576K
}
Event: 25.548 GC heap before
{Heap before GC invocations=26 (full 0):
 garbage-first heap   total 110592K, used 88564K [0x0000000081000000, 0x0000000100000000)
  region size 1024K, 28 young (28672K), 2 survivors (2048K)
 Metaspace       used 33452K, committed 33920K, reserved 1114112K
  class space    used 3622K, committed 3840K, reserved 1048576K
}
Event: 25.555 GC heap after
{Heap after GC invocations=27 (full 0):
 garbage-first heap   total 110592K, used 62871K [0x0000000081000000, 0x0000000100000000)
  region size 1024K, 3 young (3072K), 3 survivors (3072K)
 Metaspace       used 33452K, committed 33920K, reserved 1114112K
  class space    used 3622K, committed 3840K, reserved 1048576K
}
Event: 25.868 GC heap before
{Heap before GC invocations=27 (full 0):
 garbage-first heap   total 110592K, used 64919K [0x0000000081000000, 0x0000000100000000)
  region size 1024K, 5 young (5120K), 3 survivors (3072K)
 Metaspace       used 33456K, committed 33920K, reserved 1114112K
  class space    used 3622K, committed 3840K, reserved 1048576K
}
Event: 25.875 GC heap after
{Heap after GC invocations=28 (full 0):
 garbage-first heap   total 110592K, used 62479K [0x0000000081000000, 0x0000000100000000)
  region size 1024K, 1 young (1024K), 1 survivors (1024K)
 Metaspace       used 33456K, committed 33920K, reserved 1114112K
  class space    used 3622K, committed 3840K, reserved 1048576K
}
Event: 27.175 GC heap before
{Heap before GC invocations=28 (full 0):
 garbage-first heap   total 110592K, used 89103K [0x0000000081000000, 0x0000000100000000)
  region size 1024K, 27 young (27648K), 1 survivors (1024K)
 Metaspace       used 33518K, committed 33984K, reserved 1114112K
  class space    used 3623K, committed 3840K, reserved 1048576K
}
Event: 27.180 GC heap after
{Heap after GC invocations=29 (full 0):
 garbage-first heap   total 110592K, used 62894K [0x0000000081000000, 0x0000000100000000)
  region size 1024K, 1 young (1024K), 1 survivors (1024K)
 Metaspace       used 33518K, committed 33984K, reserved 1114112K
  class space    used 3623K, committed 3840K, reserved 1048576K
}
Event: 28.772 GC heap before
{Heap before GC invocations=30 (full 0):
 garbage-first heap   total 110592K, used 90542K [0x0000000081000000, 0x0000000100000000)
  region size 1024K, 28 young (28672K), 1 survivors (1024K)
 Metaspace       used 33628K, committed 34048K, reserved 1114112K
  class space    used 3623K, committed 3840K, reserved 1048576K
}
Event: 28.778 GC heap after
{Heap after GC invocations=31 (full 0):
 garbage-first heap   total 110592K, used 63840K [0x0000000081000000, 0x0000000100000000)
  region size 1024K, 2 young (2048K), 2 survivors (2048K)
 Metaspace       used 33628K, committed 34048K, reserved 1114112K
  class space    used 3623K, committed 3840K, reserved 1048576K
}
Event: 28.858 GC heap before
{Heap before GC invocations=31 (full 0):
 garbage-first heap   total 110592K, used 66912K [0x0000000081000000, 0x0000000100000000)
  region size 1024K, 5 young (5120K), 2 survivors (2048K)
 Metaspace       used 33628K, committed 34048K, reserved 1114112K
  class space    used 3623K, committed 3840K, reserved 1048576K
}
Event: 28.864 GC heap after
{Heap after GC invocations=32 (full 0):
 garbage-first heap   total 110592K, used 63722K [0x0000000081000000, 0x0000000100000000)
  region size 1024K, 1 young (1024K), 1 survivors (1024K)
 Metaspace       used 33628K, committed 34048K, reserved 1114112K
  class space    used 3623K, committed 3840K, reserved 1048576K
}
Event: 30.323 GC heap before
{Heap before GC invocations=32 (full 0):
 garbage-first heap   total 110592K, used 91370K [0x0000000081000000, 0x0000000100000000)
  region size 1024K, 28 young (28672K), 1 survivors (1024K)
 Metaspace       used 33687K, committed 34112K, reserved 1114112K
  class space    used 3631K, committed 3840K, reserved 1048576K
}

Deoptimization events (20 events):
Event: 30.304 Thread 0x000001b753036090 Uncommon trap: trap_request=0xffffffde fr.pc=0x000001b76296c768 relative=0x0000000000000068
Event: 30.304 Thread 0x000001b753036090 Uncommon trap: reason=class_check action=maybe_recompile pc=0x000001b76296c768 method=com.sun.tools.javac.jvm.ClassWriter.writeTypeAnnotations(Lcom/sun/tools/javac/util/List;Z)I @ 1 c2
Event: 30.304 Thread 0x000001b753036090 DEOPT PACKING pc=0x000001b76296c768 sp=0x00000014e06fce10
Event: 30.304 Thread 0x000001b753036090 DEOPT UNPACKING pc=0x000001b761e623a3 sp=0x00000014e06fcd78 mode 2
Event: 30.304 Thread 0x000001b753036090 Uncommon trap: trap_request=0xffffff45 fr.pc=0x000001b7628f2584 relative=0x00000000000034e4
Event: 30.304 Thread 0x000001b753036090 Uncommon trap: reason=unstable_if action=reinterpret pc=0x000001b7628f2584 method=com.sun.tools.javac.jvm.ClassWriter.writeJavaAnnotations(Lcom/sun/tools/javac/util/List;)I @ 69 c2
Event: 30.304 Thread 0x000001b753036090 DEOPT PACKING pc=0x000001b7628f2584 sp=0x00000014e06fce50
Event: 30.304 Thread 0x000001b753036090 DEOPT UNPACKING pc=0x000001b761e623a3 sp=0x00000014e06fcda8 mode 2
Event: 30.304 Thread 0x000001b753036090 Uncommon trap: trap_request=0xffffffde fr.pc=0x000001b76296c768 relative=0x0000000000000068
Event: 30.304 Thread 0x000001b753036090 Uncommon trap: reason=class_check action=maybe_recompile pc=0x000001b76296c768 method=com.sun.tools.javac.jvm.ClassWriter.writeTypeAnnotations(Lcom/sun/tools/javac/util/List;Z)I @ 1 c2
Event: 30.304 Thread 0x000001b753036090 DEOPT PACKING pc=0x000001b76296c768 sp=0x00000014e06fce10
Event: 30.304 Thread 0x000001b753036090 DEOPT UNPACKING pc=0x000001b761e623a3 sp=0x00000014e06fcd90 mode 2
Event: 30.304 Thread 0x000001b753036090 Uncommon trap: trap_request=0xffffffde fr.pc=0x000001b76296c768 relative=0x0000000000000068
Event: 30.304 Thread 0x000001b753036090 Uncommon trap: reason=class_check action=maybe_recompile pc=0x000001b76296c768 method=com.sun.tools.javac.jvm.ClassWriter.writeTypeAnnotations(Lcom/sun/tools/javac/util/List;Z)I @ 1 c2
Event: 30.304 Thread 0x000001b753036090 DEOPT PACKING pc=0x000001b76296c768 sp=0x00000014e06fce10
Event: 30.304 Thread 0x000001b753036090 DEOPT UNPACKING pc=0x000001b761e623a3 sp=0x00000014e06fcd78 mode 2
Event: 30.304 Thread 0x000001b753036090 Uncommon trap: trap_request=0xffffffde fr.pc=0x000001b76296c768 relative=0x0000000000000068
Event: 30.304 Thread 0x000001b753036090 Uncommon trap: reason=class_check action=maybe_recompile pc=0x000001b76296c768 method=com.sun.tools.javac.jvm.ClassWriter.writeTypeAnnotations(Lcom/sun/tools/javac/util/List;Z)I @ 1 c2
Event: 30.305 Thread 0x000001b753036090 DEOPT PACKING pc=0x000001b76296c768 sp=0x00000014e06fce10
Event: 30.305 Thread 0x000001b753036090 DEOPT UNPACKING pc=0x000001b761e623a3 sp=0x00000014e06fcd90 mode 2

Classes unloaded (0 events):
No events

Classes redefined (0 events):
No events

Internal exceptions (20 events):
Event: 29.838 Thread 0x000001b753036090 Exception <a 'sun/nio/fs/WindowsException'{0x0000000086400398}> (0x0000000086400398) 
thrown [s\open\src\hotspot\share\prims\jni.cpp, line 516]
Event: 29.856 Thread 0x000001b753036090 Exception <a 'sun/nio/fs/WindowsException'{0x000000008640f6c8}> (0x000000008640f6c8) 
thrown [s\open\src\hotspot\share\prims\jni.cpp, line 516]
Event: 29.858 Thread 0x000001b753036090 Exception <a 'sun/nio/fs/WindowsException'{0x000000008642b698}> (0x000000008642b698) 
thrown [s\open\src\hotspot\share\prims\jni.cpp, line 516]
Event: 29.863 Thread 0x000001b753036090 Exception <a 'sun/nio/fs/WindowsException'{0x000000008649bb18}> (0x000000008649bb18) 
thrown [s\open\src\hotspot\share\prims\jni.cpp, line 516]
Event: 29.866 Thread 0x000001b753036090 Exception <a 'sun/nio/fs/WindowsException'{0x00000000864b0ad8}> (0x00000000864b0ad8) 
thrown [s\open\src\hotspot\share\prims\jni.cpp, line 516]
Event: 29.867 Thread 0x000001b753036090 Exception <a 'sun/nio/fs/WindowsException'{0x00000000864c08e0}> (0x00000000864c08e0) 
thrown [s\open\src\hotspot\share\prims\jni.cpp, line 516]
Event: 29.872 Thread 0x000001b753036090 Exception <a 'sun/nio/fs/WindowsException'{0x0000000086351998}> (0x0000000086351998) 
thrown [s\open\src\hotspot\share\prims\jni.cpp, line 516]
Event: 29.879 Thread 0x000001b753036090 Exception <a 'sun/nio/fs/WindowsException'{0x000000008637f6e8}> (0x000000008637f6e8) 
thrown [s\open\src\hotspot\share\prims\jni.cpp, line 516]
Event: 29.884 Thread 0x000001b753036090 Exception <a 'sun/nio/fs/WindowsException'{0x00000000863d47e8}> (0x00000000863d47e8) 
thrown [s\open\src\hotspot\share\prims\jni.cpp, line 516]
Event: 29.886 Thread 0x000001b753036090 Exception <a 'sun/nio/fs/WindowsException'{0x00000000863e0760}> (0x00000000863e0760) 
thrown [s\open\src\hotspot\share\prims\jni.cpp, line 516]
Event: 29.892 Thread 0x000001b753036090 Exception <a 'sun/nio/fs/WindowsException'{0x0000000086284618}> (0x0000000086284618) 
thrown [s\open\src\hotspot\share\prims\jni.cpp, line 516]
Event: 29.925 Thread 0x000001b753036090 Exception <a 'sun/nio/fs/WindowsException'{0x00000000862bd360}> (0x00000000862bd360) 
thrown [s\open\src\hotspot\share\prims\jni.cpp, line 516]
Event: 29.937 Thread 0x000001b753036090 Exception <a 'sun/nio/fs/WindowsException'{0x00000000862cec18}> (0x00000000862cec18) 
thrown [s\open\src\hotspot\share\prims\jni.cpp, line 516]
Event: 29.959 Thread 0x000001b753036090 Exception <a 'sun/nio/fs/WindowsException'{0x0000000086103108}> (0x0000000086103108) 
thrown [s\open\src\hotspot\share\prims\jni.cpp, line 516]
Event: 30.031 Thread 0x000001b753036090 Exception <a 'sun/nio/fs/WindowsException'{0x000000008610db10}> (0x000000008610db10) 
thrown [s\open\src\hotspot\share\prims\jni.cpp, line 516]
Event: 30.090 Thread 0x000001b753036090 Exception <a 'sun/nio/fs/WindowsException'{0x00000000861b2e60}> (0x00000000861b2e60) 
thrown [s\open\src\hotspot\share\prims\jni.cpp, line 516]
Event: 30.148 Thread 0x000001b753036090 Exception <a 'sun/nio/fs/WindowsException'{0x00000000861c3710}> (0x00000000861c3710) 
thrown [s\open\src\hotspot\share\prims\jni.cpp, line 516]
Event: 30.153 Thread 0x000001b753036090 Exception <a 'sun/nio/fs/WindowsException'{0x0000000086027468}> (0x0000000086027468) 
thrown [s\open\src\hotspot\share\prims\jni.cpp, line 516]
Event: 30.284 Thread 0x000001b753036090 Exception <a 'sun/nio/fs/WindowsException'{0x0000000086031908}> (0x0000000086031908) 
thrown [s\open\src\hotspot\share\prims\jni.cpp, line 516]
Event: 30.303 Thread 0x000001b753036090 Exception <a 'sun/nio/fs/WindowsException'{0x000000008604d590}> (0x000000008604d590) 
thrown [s\open\src\hotspot\share\prims\jni.cpp, line 516]

VM Operations (20 events):
Event: 26.864 Executing VM operation: ICBufferFull done
Event: 27.175 Executing VM operation: G1CollectForAllocation
Event: 27.181 Executing VM operation: G1CollectForAllocation done
Event: 27.267 Executing VM operation: G1Concurrent
Event: 27.275 Executing VM operation: G1Concurrent done
Event: 27.318 Executing VM operation: G1Concurrent
Event: 27.318 Executing VM operation: G1Concurrent done
Event: 28.005 Executing VM operation: ICBufferFull
Event: 28.005 Executing VM operation: ICBufferFull done
Event: 28.772 Executing VM operation: G1CollectForAllocation
Event: 28.778 Executing VM operation: G1CollectForAllocation done
Event: 28.858 Executing VM operation: G1CollectForAllocation
Event: 28.864 Executing VM operation: G1CollectForAllocation done
Event: 29.337 Executing VM operation: ICBufferFull
Event: 29.337 Executing VM operation: ICBufferFull done
Event: 29.643 Executing VM operation: HandshakeAllThreads
Event: 29.643 Executing VM operation: HandshakeAllThreads done
Event: 29.811 Executing VM operation: ICBufferFull
Event: 29.811 Executing VM operation: ICBufferFull done
Event: 30.323 Executing VM operation: G1CollectForAllocation

Events (20 events):
Event: 26.162 Thread 0x000001b770930e70 flushing nmethod 0x000001b75ba75890
Event: 26.162 Thread 0x000001b770930e70 flushing nmethod 0x000001b75ba79810
Event: 26.162 Thread 0x000001b770930e70 flushing nmethod 0x000001b75ba7be90
Event: 26.162 Thread 0x000001b770930e70 flushing nmethod 0x000001b75baaeb10
Event: 26.163 Thread 0x000001b770930e70 flushing nmethod 0x000001b75bb4b310
Event: 29.645 Thread 0x000001b770930e70 flushing nmethod 0x000001b762807b90
Event: 29.645 Thread 0x000001b770930e70 flushing nmethod 0x000001b762927610
Event: 29.645 Thread 0x000001b770930e70 flushing nmethod 0x000001b762979990
Event: 29.647 Thread 0x000001b770930e70 flushing nmethod 0x000001b75aadb610
Event: 30.297 Thread 0x000001b776e91890 Thread exited: 0x000001b776e91890
Event: 30.298 loading class java/util/stream/ReferencePipeline$4
Event: 30.299 loading class java/util/stream/ReferencePipeline$4 done
Event: 30.299 loading class java/util/stream/Nodes$IntFixedNodeBuilder
Event: 30.300 loading class java/util/stream/Node$Builder$OfInt
Event: 30.300 loading class java/util/stream/Node$Builder$OfInt done
Event: 30.300 loading class java/util/stream/Nodes$IntArrayNode
Event: 30.300 loading class java/util/stream/Nodes$IntArrayNode done
Event: 30.300 loading class java/util/stream/Nodes$IntFixedNodeBuilder done
Event: 30.301 loading class java/util/stream/ReferencePipeline$4$1
Event: 30.301 loading class java/util/stream/ReferencePipeline$4$1 done


Dynamic libraries:
0x00007ff67d8f0000 - 0x00007ff67d900000 	C:\Program Files\Java\jdk-17\bin\java.exe
0x00007ff8675b0000 - 0x00007ff8677a8000 	C:\Windows\SYSTEM32\ntdll.dll
0x00007ff866570000 - 0x00007ff86662d000 	C:\Windows\System32\KERNEL32.DLL
0x00007ff865100000 - 0x00007ff8653f6000 	C:\Windows\System32\KERNELBASE.dll
0x00007ff865000000 - 0x00007ff865100000 	C:\Windows\System32\ucrtbase.dll
0x00007ff8607d0000 - 0x00007ff8607eb000 	C:\Program Files\Java\jdk-17\bin\VCRUNTIME140.dll
0x00007ff862190000 - 0x00007ff8621a9000 	C:\Program Files\Java\jdk-17\bin\jli.dll
0x00007ff866e80000 - 0x00007ff866f33000 	C:\Windows\System32\ADVAPI32.dll
0x00007ff865b60000 - 0x00007ff865bfe000 	C:\Windows\System32\msvcrt.dll
0x00007ff8659c0000 - 0x00007ff865a5f000 	C:\Windows\System32\sechost.dll
0x00007ff866140000 - 0x00007ff866266000 	C:\Windows\System32\RPCRT4.dll
0x00007ff865520000 - 0x00007ff865547000 	C:\Windows\System32\bcrypt.dll
0x00007ff865820000 - 0x00007ff8659be000 	C:\Windows\System32\USER32.dll
0x00007ff864f60000 - 0x00007ff864f82000 	C:\Windows\System32\win32u.dll
0x00007ff865a60000 - 0x00007ff865a8c000 	C:\Windows\System32\GDI32.dll
0x00007ff865400000 - 0x00007ff86551a000 	C:\Windows\System32\gdi32full.dll
0x00007ff864ec0000 - 0x00007ff864f5d000 	C:\Windows\System32\msvcp_win.dll
0x00007ff854ea0000 - 0x00007ff85513a000 	C:\Windows\WinSxS\amd64_microsoft.windows.common-controls_6595b64144ccf1df_6.0.19041.3636_none_60b6a03d71f818d5\COMCTL32.dll
0x00007ff85e560000 - 0x00007ff85e56a000 	C:\Windows\SYSTEM32\VERSION.dll
0x00007ff867540000 - 0x00007ff867570000 	C:\Windows\System32\IMM32.DLL
0x00007ff862450000 - 0x00007ff86245c000 	C:\Program Files\Java\jdk-17\bin\vcruntime140_1.dll
0x00007ff843fc0000 - 0x00007ff84404e000 	C:\Program Files\Java\jdk-17\bin\msvcp140.dll
0x00007ff836630000 - 0x00007ff83720e000 	C:\Program Files\Java\jdk-17\bin\server\jvm.dll
0x00007ff866720000 - 0x00007ff866728000 	C:\Windows\System32\PSAPI.DLL
0x00007ff848f50000 - 0x00007ff848f59000 	C:\Windows\SYSTEM32\WSOCK32.dll
0x00007ff85b670000 - 0x00007ff85b697000 	C:\Windows\SYSTEM32\WINMM.dll
0x00007ff8662f0000 - 0x00007ff86635b000 	C:\Windows\System32\WS2_32.dll
0x00007ff862b50000 - 0x00007ff862b62000 	C:\Windows\SYSTEM32\kernel.appcore.dll
0x00007ff8623c0000 - 0x00007ff8623ca000 	C:\Program Files\Java\jdk-17\bin\jimage.dll
0x00007ff85bb40000 - 0x00007ff85bd24000 	C:\Windows\SYSTEM32\DBGHELP.DLL
0x00007ff854430000 - 0x00007ff854464000 	C:\Windows\SYSTEM32\dbgcore.DLL
0x00007ff864e30000 - 0x00007ff864eb2000 	C:\Windows\System32\bcryptPrimitives.dll
0x00007ff859580000 - 0x00007ff8595a5000 	C:\Program Files\Java\jdk-17\bin\java.dll
0x00007ff83efa0000 - 0x00007ff83f077000 	C:\Program Files\Java\jdk-17\bin\jsvml.dll
0x00007ff866730000 - 0x00007ff866e75000 	C:\Windows\System32\SHELL32.dll
0x00007ff862d50000 - 0x00007ff8634eb000 	C:\Windows\SYSTEM32\windows.storage.dll
0x00007ff865dd0000 - 0x00007ff866124000 	C:\Windows\System32\combase.dll
0x00007ff8646b0000 - 0x00007ff8646dd000 	C:\Windows\SYSTEM32\Wldp.dll
0x00007ff865d20000 - 0x00007ff865dcd000 	C:\Windows\System32\SHCORE.dll
0x00007ff866630000 - 0x00007ff866685000 	C:\Windows\System32\shlwapi.dll
0x00007ff864bb0000 - 0x00007ff864bd5000 	C:\Windows\SYSTEM32\profapi.dll
0x00007ff860700000 - 0x00007ff860719000 	C:\Program Files\Java\jdk-17\bin\net.dll
0x00007ff85f240000 - 0x00007ff85f34a000 	C:\Windows\SYSTEM32\WINHTTP.dll
0x00007ff864410000 - 0x00007ff86447a000 	C:\Windows\system32\mswsock.dll
0x00007ff85dbf0000 - 0x00007ff85dc06000 	C:\Program Files\Java\jdk-17\bin\nio.dll
0x00007ff85aa50000 - 0x00007ff85aa68000 	C:\Program Files\Java\jdk-17\bin\zip.dll
0x0000000069ac0000 - 0x0000000069ae4000 	C:\Users\sathonay\Documents\apache-maven-3.8.3\lib\jansi-native\Windows\x86_64\jansi.dll
0x00007ff862390000 - 0x00007ff8623a0000 	C:\Program Files\Java\jdk-17\bin\verify.dll
0x00007ff85f0c0000 - 0x00007ff85f0ce000 	C:\Program Files\Java\jdk-17\bin\sunmscapi.dll
0x00007ff864cd0000 - 0x00007ff864e2d000 	C:\Windows\System32\CRYPT32.dll
0x00007ff864720000 - 0x00007ff864748000 	C:\Windows\SYSTEM32\ncrypt.dll
0x00007ff8646e0000 - 0x00007ff86471b000 	C:\Windows\SYSTEM32\NTASN1.dll
0x00007ff864600000 - 0x00007ff864618000 	C:\Windows\SYSTEM32\CRYPTSP.dll
0x00007ff863c70000 - 0x00007ff863ca4000 	C:\Windows\system32\rsaenh.dll
0x00007ff864b30000 - 0x00007ff864b5e000 	C:\Windows\SYSTEM32\USERENV.dll
0x00007ff864620000 - 0x00007ff86462c000 	C:\Windows\SYSTEM32\CRYPTBASE.dll
0x00007ff8640b0000 - 0x00007ff8640eb000 	C:\Windows\SYSTEM32\IPHLPAPI.DLL
0x00007ff8657b0000 - 0x00007ff8657b8000 	C:\Windows\System32\NSI.dll
0x00007ff85e510000 - 0x00007ff85e527000 	C:\Windows\SYSTEM32\dhcpcsvc6.DLL
0x00007ff85e4f0000 - 0x00007ff85e50d000 	C:\Windows\SYSTEM32\dhcpcsvc.DLL
0x00007ff864100000 - 0x00007ff8641ca000 	C:\Windows\SYSTEM32\DNSAPI.dll
0x00007ff83ae20000 - 0x00007ff83ae37000 	C:\Windows\system32\napinsp.dll
0x00007ff83ae00000 - 0x00007ff83ae1b000 	C:\Windows\system32\pnrpnsp.dll
0x00007ff85f7b0000 - 0x00007ff85f7c5000 	C:\Windows\system32\wshbth.dll
0x00007ff860630000 - 0x00007ff86064d000 	C:\Windows\system32\NLAapi.dll
0x00007ff83a890000 - 0x00007ff83a8a2000 	C:\Windows\System32\winrnr.dll
0x00007ff853a40000 - 0x00007ff853a4a000 	C:\Windows\System32\rasadhlp.dll
0x00007ff853940000 - 0x00007ff8539c0000 	C:\Windows\System32\fwpuclnt.dll

dbghelp: loaded successfully - version: 4.0.5 - missing functions: none
symbol engine: initialized successfully - sym options: 0x614 - pdb path: .;C:\Program Files\Java\jdk-17\bin;C:\Windows\SYSTEM32;C:\Windows\WinSxS\amd64_microsoft.windows.common-controls_6595b64144ccf1df_6.0.19041.3636_none_60b6a03d71f818d5;C:\Program Files\Java\jdk-17\bin\server;C:\Users\sathonay\Documents\apache-maven-3.8.3\lib\jansi-native\Windows\x86_64

VM Arguments:
jvm_args: -Dclassworlds.conf=C:/Users/sathonay/Documents/apache-maven-3.8.3/bin/m2.conf -Dmaven.home=C:/Users/sathonay/Documents/apache-maven-3.8.3 -Dlibrary.jansi.path=C:/Users/sathonay/Documents/apache-maven-3.8.3/lib/jansi-native -Dmaven.multiModuleProjectDirectory=C:/Users/sathonay/Documents/GitHub/sathonay/nPaper 
java_command: org.codehaus.plexus.classworlds.launcher.Launcher clean package
java_class_path (initial): C:/Users/sathonay/Documents/apache-maven-3.8.3/boot/plexus-classworlds-2.6.0.jar
Launcher Type: SUN_STANDARD

[Global flags]
     intx CICompilerCount                          = 3                                         {product} {ergonomic}
     uint ConcGCThreads                            = 1                                         {product} {ergonomic}
     uint G1ConcRefinementThreads                  = 4                                         {product} {ergonomic}
   size_t G1HeapRegionSize                         = 1048576                                   {product} {ergonomic}
    uintx GCDrainStackTargetSize                   = 64                                        {product} {ergonomic}
   size_t InitialHeapSize                          = 134217728                                 {product} {ergonomic}
   size_t MarkStackSize                            = 4194304                                   {product} {ergonomic}
   size_t MaxHeapSize                              = 2130706432                                {product} {ergonomic}
   size_t MaxNewSize                               = 1278214144                                {product} {ergonomic}
   size_t MinHeapDeltaBytes                        = 1048576                                   {product} {ergonomic}
   size_t MinHeapSize                              = 8388608                                   {product} {ergonomic}
    uintx NonNMethodCodeHeapSize                   = 5832780                                {pd product} {ergonomic}
    uintx NonProfiledCodeHeapSize                  = 122912730                              {pd product} {ergonomic}
    uintx ProfiledCodeHeapSize                     = 122912730                              {pd product} {ergonomic}
    uintx ReservedCodeCacheSize                    = 251658240                              {pd product} {ergonomic}
     bool SegmentedCodeCache                       = true                                      {product} {ergonomic}
   size_t SoftMaxHeapSize                          = 2130706432                             {manageable} {ergonomic}
     bool UseCompressedClassPointers               = true                           {product lp64_product} {ergonomic}
     bool UseCompressedOops                        = true                           {product lp64_product} {ergonomic}
     bool UseG1GC                                  = true                                      {product} {ergonomic}
     bool UseLargePagesIndividualAllocation        = false                                  {pd product} {ergonomic}

Logging:
Log output configuration:
 #0: stdout all=warning uptime,level,tags
 #1: stderr all=off uptime,level,tags

Environment Variables:
JAVA_HOME=C:/Program Files/Java/jdk-17
PATH=C:\Program Files\Git\mingw64\bin;C:\Program Files\Git\usr\bin;C:\Users\sathonay\bin;C:\Program Files\Common Files\Oracle\Java\javapath;C:\Windows\system32;C:\Windows;C:\Windows\System32\Wbem;C:\Windows\System32\WindowsPowerShell\v1.0;C:\Windows\System32\OpenSSH;C:\Users\sathonay\Documents\apache-maven-3.8.3\bin;C:\Program Files\nodejs;C:\Program Files\Git\cmd;C:\Users\sathonay\AppData\Local\Programs\Hyper\resources\bin;C:\Program Files\Java\jdk-16.0.2\bin;C:\Program Files\NVIDIA Corporation\NVIDIA NvDLISR;C:\Program Files (x86)\NVIDIA Corporation\PhysX\Common;C:\Users\sathonay\Documents\php-8.2;C:\Program Files\Git\usr\bin;C:\Users\sathonay\AppData\Local\Microsoft\WindowsApps;C:\Users\sathonay\AppData\Local\GitHubDesktop\bin;C:\Users\sathonay\AppData\Roaming\npm;C:\Users\sathonay\AppData\Local\Programs\Microsoft VS Code\bin;C:\Program Files (x86)\Brackets;C:\Users\sathonay\AppData\Local\Programs\Neovim\bin;C:\Users\sathonay\AppData\Local\ComposerSetup\bin;C:\Users\sathonay\AppData\Roaming\Composer\vendor\bin
USERNAME=sathonay
OS=Windows_NT
PROCESSOR_IDENTIFIER=Intel64 Family 6 Model 60 Stepping 3, GenuineIntel



---------------  S Y S T E M  ---------------

OS:
 Windows 10 , 64 bit Build 19041 (10.0.19041.3636)
OS uptime: 1 days 22:21 hours

CPU: total 4 (initial active 4) (4 cores per cpu, 1 threads per core) family 6 model 60 stepping 3 microcode 0x27, cx8, cmov, fxsr, mmx, sse, sse2, sse3, ssse3, sse4.1, sse4.2, popcnt, lzcnt, tsc, tscinvbit, avx, avx2, aes, erms, clmul, bmi1, bmi2, fma, vzeroupper, clflush

Memory: 4k page, system-wide physical 8120M (375M free)
TotalPageFile size 22347M (AvailPageFile size 20M)
current process WorkingSet (physical memory assigned to process): 261M, peak: 270M
current process commit charge ("private bytes"): 307M, peak: 329M

vm_info: Java HotSpot(TM) 64-Bit Server VM (17.0.8+9-LTS-211) for windows-amd64 JRE (17.0.8+9-LTS-211), built on Jun 14 2023 10:34:31 by "mach5one" with MS VC++ 17.1 (VS2022)

END.
