#
# There is insufficient memory for the Java Runtime Environment to continue.
# Native memory allocation (mmap) failed to map 200278016 bytes for G1 virtual space
# Possible reasons:
#   The system is out of physical RAM or swap space
#   The process is running with CompressedOops enabled, and the Java Heap may be blocking the growth of the native heap
# Possible solutions:
#   Reduce memory load on the system
#   Increase physical memory or swap space
#   Check if swap backing store is full
#   Decrease Java heap size (-Xmx/-Xms)
#   Decrease number of Java threads
#   Decrease Java thread stack sizes (-Xss)
#   Set larger code cache with -XX:ReservedCodeCacheSize=
#   JVM is running with Unscaled Compressed Oops mode in which the Java heap is
#     placed in the first 4GB address space. The Java Heap base address is the
#     maximum limit for the native heap growth. Please use -XX:HeapBaseMinAddress
#     to set the Java Heap base and to place the Java Heap above 4GB virtual address.
# This output file may be truncated or incomplete.
#
#  Out of Memory Error (os_windows.cpp:3550), pid=18192, tid=13620
#
# JRE version: Java(TM) SE Runtime Environment (17.0.8+9) (build 17.0.8+9-LTS-211)
# Java VM: Java HotSpot(TM) 64-Bit Server VM (17.0.8+9-LTS-211, mixed mode, sharing, tiered, compressed oops, compressed class ptrs, g1 gc, windows-amd64)
# No core dump will be written. Minidumps are not enabled by default on client versions of Windows
#

---------------  S U M M A R Y ------------

Command Line: -Dclassworlds.conf=C:/Users/sathonay/Documents/apache-maven-3.8.3/bin/m2.conf -Dmaven.home=C:/Users/sathonay/Documents/apache-maven-3.8.3 -Dlibrary.jansi.path=C:/Users/sathonay/Documents/apache-maven-3.8.3/lib/jansi-native -Dmaven.multiModuleProjectDirectory=C:/Users/sathonay/Documents/GitHub/sathonay/nPaper org.codehaus.plexus.classworlds.launcher.Launcher clean install

Host: Intel(R) Core(TM) i5-4670 CPU @ 3.40GHz, 4 cores, 7G,  Windows 10 , 64 bit Build 19041 (10.0.19041.3636)
Time: Sun Jan 28 15:47:36 2024 Paris, Madrid elapsed time: 63.195250 seconds (0d 0h 1m 3s)

---------------  T H R E A D  ---------------

Current thread (0x000001f3ac3e5460):  VMThread "VM Thread" [stack: 0x000000d840200000,0x000000d840300000] [id=13620]

Stack: [0x000000d840200000,0x000000d840300000]
Native frames: (J=compiled Java code, j=interpreted, Vv=VM code, C=native code)
V  [jvm.dll+0x677d0a]
V  [jvm.dll+0x7d8c54]
V  [jvm.dll+0x7da3fe]
V  [jvm.dll+0x7daa63]
V  [jvm.dll+0x245c5f]
V  [jvm.dll+0x674bb9]
V  [jvm.dll+0x6694f2]
V  [jvm.dll+0x3031d6]
V  [jvm.dll+0x30a756]
V  [jvm.dll+0x359f9e]
V  [jvm.dll+0x35a1cf]
V  [jvm.dll+0x2da3e8]
V  [jvm.dll+0x2d87f5]
V  [jvm.dll+0x2d7dfc]
V  [jvm.dll+0x31b4cb]
V  [jvm.dll+0x7df26b]
V  [jvm.dll+0x7dffa4]
V  [jvm.dll+0x7e04bd]
V  [jvm.dll+0x7e0894]
V  [jvm.dll+0x7e0960]
V  [jvm.dll+0x788bba]
V  [jvm.dll+0x676b35]
C  [ucrtbase.dll+0x21bb2]
C  [KERNEL32.DLL+0x17344]
C  [ntdll.dll+0x526b1]

VM_Operation (0x000000d83fcfbcd0): G1CollectForAllocation, mode: safepoint, requested by thread 0x000001f38cbd6540


---------------  P R O C E S S  ---------------

Threads class SMR info:
_java_thread_list=0x000001f3f2c68850, length=14, elements={
0x000001f38cbd6540, 0x000001f3ac3e9d20, 0x000001f3ac3eab90, 0x000001f3ac3fcfe0,
0x000001f3ac4009b0, 0x000001f3ac401360, 0x000001f3ac401d10, 0x000001f3ac4030d0,
0x000001f3ac42f700, 0x000001f3ac432c40, 0x000001f3ac68c390, 0x000001f3ac691f30,
0x000001f3ac869d20, 0x000001f3f3509ee0
}

Java Threads: ( => current thread )
  0x000001f38cbd6540 JavaThread "main" [_thread_blocked, id=11564, stack(0x000000d83fc00000,0x000000d83fd00000)]
  0x000001f3ac3e9d20 JavaThread "Reference Handler" daemon [_thread_blocked, id=7204, stack(0x000000d840300000,0x000000d840400000)]
  0x000001f3ac3eab90 JavaThread "Finalizer" daemon [_thread_blocked, id=8392, stack(0x000000d840400000,0x000000d840500000)]
  0x000001f3ac3fcfe0 JavaThread "Signal Dispatcher" daemon [_thread_blocked, id=18396, stack(0x000000d840500000,0x000000d840600000)]
  0x000001f3ac4009b0 JavaThread "Attach Listener" daemon [_thread_blocked, id=2696, stack(0x000000d840600000,0x000000d840700000)]
  0x000001f3ac401360 JavaThread "Service Thread" daemon [_thread_blocked, id=4952, stack(0x000000d840700000,0x000000d840800000)]
  0x000001f3ac401d10 JavaThread "Monitor Deflation Thread" daemon [_thread_blocked, id=11700, stack(0x000000d840800000,0x000000d840900000)]
  0x000001f3ac4030d0 JavaThread "C2 CompilerThread0" daemon [_thread_blocked, id=12640, stack(0x000000d840900000,0x000000d840a00000)]
  0x000001f3ac42f700 JavaThread "C1 CompilerThread0" daemon [_thread_blocked, id=18216, stack(0x000000d840a00000,0x000000d840b00000)]
  0x000001f3ac432c40 JavaThread "Sweeper thread" daemon [_thread_blocked, id=16360, stack(0x000000d840b00000,0x000000d840c00000)]
  0x000001f3ac68c390 JavaThread "Notification Thread" daemon [_thread_blocked, id=16804, stack(0x000000d840c00000,0x000000d840d00000)]
  0x000001f3ac691f30 JavaThread "Common-Cleaner" daemon [_thread_blocked, id=10852, stack(0x000000d840e00000,0x000000d840f00000)]
  0x000001f3ac869d20 JavaThread "JGit-FileStoreAttributeReader-1" daemon [_thread_blocked, id=11384, stack(0x000000d841600000,0x000000d841700000)]
  0x000001f3f3509ee0 JavaThread "JGit-WorkQueue" daemon [_thread_blocked, id=928, stack(0x000000d841700000,0x000000d841800000)]

Other Threads:
=>0x000001f3ac3e5460 VMThread "VM Thread" [stack: 0x000000d840200000,0x000000d840300000] [id=13620]
  0x000001f3ac68e870 WatcherThread [stack: 0x000000d840d00000,0x000000d840e00000] [id=15832]
  0x000001f38cc30ab0 GCTaskThread "GC Thread#0" [stack: 0x000000d83fd00000,0x000000d83fe00000] [id=952]
  0x000001f3ac6af910 GCTaskThread "GC Thread#1" [stack: 0x000000d840f00000,0x000000d841000000] [id=14432]
  0x000001f3f2470ac0 GCTaskThread "GC Thread#2" [stack: 0x000000d841000000,0x000000d841100000] [id=3384]
  0x000001f3f248c850 GCTaskThread "GC Thread#3" [stack: 0x000000d841100000,0x000000d841200000] [id=17032]
  0x000001f38cc41e00 ConcurrentGCThread "G1 Main Marker" [stack: 0x000000d83fe00000,0x000000d83ff00000] [id=4664]
  0x000001f38cc43820 ConcurrentGCThread "G1 Conc#0" [stack: 0x000000d83ff00000,0x000000d840000000] [id=17800]
  0x000001f38ccaead0 ConcurrentGCThread "G1 Refine#0" [stack: 0x000000d840000000,0x000000d840100000] [id=17204]
  0x000001f3ac3fcbc0 ConcurrentGCThread "G1 Refine#1" [stack: 0x000000d841300000,0x000000d841400000] [id=17952]
  0x000001f3f2434040 ConcurrentGCThread "G1 Refine#2" [stack: 0x000000d841400000,0x000000d841500000] [id=12584]
  0x000001f3f213c130 ConcurrentGCThread "G1 Refine#3" [stack: 0x000000d841800000,0x000000d841900000] [id=6656]
  0x000001f3ac2a05e0 ConcurrentGCThread "G1 Service" [stack: 0x000000d840100000,0x000000d840200000] [id=14860]

Threads with active compile tasks:
C2 CompilerThread0    63266 11755       4       com.sun.tools.javac.jvm.ClassReader::sigToType (893 bytes)

VM state: at safepoint (normal execution)

VM Mutex/Monitor currently owned by a thread:  ([mutex/lock_event])
[0x000001f38cbd1d90] Threads_lock - owner thread: 0x000001f3ac3e5460
[0x000001f38cbd0ef0] Heap_lock - owner thread: 0x000001f38cbd6540

Heap address: 0x0000000081000000, size: 2032 MB, Compressed Oops mode: 32-bit

CDS archive(s) mapped at: [0x000001f3ad000000-0x000001f3adbd0000-0x000001f3adbd0000), size 12386304, SharedBaseAddress: 0x000001f3ad000000, ArchiveRelocationMode: 1.
Compressed class space mapped at: 0x000001f3ae000000-0x000001f3ee000000, reserved size: 1073741824
Narrow klass base: 0x000001f3ad000000, Narrow klass shift: 0, Narrow klass range: 0x100000000

GC Precious Log:
 CPUs: 4 total, 4 available
 Memory: 8120M
 Large Page Support: Disabled
 NUMA Support: Disabled
 Compressed Oops: Enabled (32-bit)
 Heap Region Size: 1M
 Heap Min Capacity: 8M
 Heap Initial Capacity: 128M
 Heap Max Capacity: 2032M
 Pre-touch: Disabled
 Parallel Workers: 4
 Concurrent Workers: 1
 Concurrent Refinement Workers: 4
 Periodic GC: Disabled

Heap:
 garbage-first heap   total 222208K, used 105472K [0x0000000081000000, 0x0000000100000000)
  region size 1024K, 2 young (2048K), 2 survivors (2048K)
 Metaspace       used 37973K, committed 38464K, reserved 1114112K
  class space    used 4022K, committed 4224K, reserved 1048576K

Heap Regions: E=young(eden), S=young(survivor), O=old, HS=humongous(starts), HC=humongous(continues), CS=collection set, F=free, OA=open archive, CA=closed archive, TAMS=top-at-mark-start (previous, next)
|   0|0x0000000081000000, 0x0000000081100000, 0x0000000081100000|100%| O|  |TAMS 0x0000000081100000, 0x0000000081000000| Untracked 
|   1|0x0000000081100000, 0x0000000081200000, 0x0000000081200000|100%| O|  |TAMS 0x0000000081200000, 0x0000000081100000| Untracked 
|   2|0x0000000081200000, 0x0000000081300000, 0x0000000081300000|100%| O|  |TAMS 0x0000000081300000, 0x0000000081200000| Untracked 
|   3|0x0000000081300000, 0x0000000081400000, 0x0000000081400000|100%| O|  |TAMS 0x0000000081400000, 0x0000000081300000| Untracked 
|   4|0x0000000081400000, 0x0000000081500000, 0x0000000081500000|100%| O|  |TAMS 0x0000000081500000, 0x0000000081400000| Untracked 
|   5|0x0000000081500000, 0x0000000081600000, 0x0000000081600000|100%| O|  |TAMS 0x0000000081600000, 0x0000000081500000| Untracked 
|   6|0x0000000081600000, 0x0000000081700000, 0x0000000081700000|100%| O|  |TAMS 0x0000000081700000, 0x0000000081600000| Untracked 
|   7|0x0000000081700000, 0x0000000081800000, 0x0000000081800000|100%| O|  |TAMS 0x0000000081800000, 0x0000000081700000| Untracked 
|   8|0x0000000081800000, 0x0000000081900000, 0x0000000081900000|100%| O|  |TAMS 0x0000000081900000, 0x0000000081800000| Untracked 
|   9|0x0000000081900000, 0x0000000081a00000, 0x0000000081a00000|100%| O|  |TAMS 0x0000000081a00000, 0x0000000081900000| Untracked 
|  10|0x0000000081a00000, 0x0000000081b00000, 0x0000000081b00000|100%| O|  |TAMS 0x0000000081b00000, 0x0000000081a00000| Untracked 
|  11|0x0000000081b00000, 0x0000000081c00000, 0x0000000081c00000|100%| O|  |TAMS 0x0000000081c00000, 0x0000000081b00000| Untracked 
|  12|0x0000000081c00000, 0x0000000081d00000, 0x0000000081d00000|100%| O|  |TAMS 0x0000000081d00000, 0x0000000081c00000| Untracked 
|  13|0x0000000081d00000, 0x0000000081e00000, 0x0000000081e00000|100%|HS|  |TAMS 0x0000000081d00000, 0x0000000081d00000| Complete 
|  14|0x0000000081e00000, 0x0000000081f00000, 0x0000000081f00000|100%| O|  |TAMS 0x0000000081f00000, 0x0000000081e00000| Untracked 
|  15|0x0000000081f00000, 0x0000000082000000, 0x0000000082000000|100%| O|  |TAMS 0x0000000082000000, 0x0000000081f00000| Untracked 
|  16|0x0000000082000000, 0x0000000082100000, 0x0000000082100000|100%| O|  |TAMS 0x0000000082000000, 0x0000000082000000| Untracked 
|  17|0x0000000082100000, 0x0000000082200000, 0x0000000082200000|100%|HS|  |TAMS 0x0000000082100000, 0x0000000082100000| Complete 
|  18|0x0000000082200000, 0x0000000082300000, 0x0000000082300000|100%| O|  |TAMS 0x0000000082200000, 0x0000000082200000| Untracked 
|  19|0x0000000082300000, 0x0000000082400000, 0x0000000082400000|100%| O|  |TAMS 0x0000000082400000, 0x0000000082300000| Untracked 
|  20|0x0000000082400000, 0x0000000082500000, 0x0000000082500000|100%| O|  |TAMS 0x0000000082500000, 0x0000000082400000| Untracked 
|  21|0x0000000082500000, 0x0000000082600000, 0x0000000082600000|100%| O|  |TAMS 0x0000000082600000, 0x0000000082500000| Untracked 
|  22|0x0000000082600000, 0x0000000082700000, 0x0000000082700000|100%| O|  |TAMS 0x0000000082700000, 0x0000000082600000| Untracked 
|  23|0x0000000082700000, 0x0000000082700000, 0x0000000082800000|  0%| F|  |TAMS 0x0000000082700000, 0x0000000082700000| Untracked 
|  24|0x0000000082800000, 0x0000000082900000, 0x0000000082900000|100%| O|  |TAMS 0x0000000082900000, 0x0000000082800000| Untracked 
|  25|0x0000000082900000, 0x0000000082a00000, 0x0000000082a00000|100%| O|  |TAMS 0x0000000082a00000, 0x0000000082900000| Untracked 
|  26|0x0000000082a00000, 0x0000000082b00000, 0x0000000082b00000|100%| O|  |TAMS 0x0000000082a00000, 0x0000000082a00000| Untracked 
|  27|0x0000000082b00000, 0x0000000082b00000, 0x0000000082c00000|  0%| F|  |TAMS 0x0000000082b00000, 0x0000000082b00000| Untracked 
|  28|0x0000000082c00000, 0x0000000082d00000, 0x0000000082d00000|100%|HS|  |TAMS 0x0000000082c00000, 0x0000000082c00000| Complete 
|  29|0x0000000082d00000, 0x0000000082e00000, 0x0000000082e00000|100%|HC|  |TAMS 0x0000000082d00000, 0x0000000082d00000| Complete 
|  30|0x0000000082e00000, 0x0000000082f00000, 0x0000000082f00000|100%|HC|  |TAMS 0x0000000082e00000, 0x0000000082e00000| Complete 
|  31|0x0000000082f00000, 0x0000000083000000, 0x0000000083000000|100%| O|  |TAMS 0x0000000083000000, 0x0000000082f00000| Untracked 
|  32|0x0000000083000000, 0x0000000083100000, 0x0000000083100000|100%| O|  |TAMS 0x0000000083100000, 0x0000000083000000| Untracked 
|  33|0x0000000083100000, 0x0000000083100000, 0x0000000083200000|  0%| F|  |TAMS 0x0000000083100000, 0x0000000083100000| Untracked 
|  34|0x0000000083200000, 0x0000000083200000, 0x0000000083300000|  0%| F|  |TAMS 0x0000000083200000, 0x0000000083200000| Untracked 
|  35|0x0000000083300000, 0x0000000083300000, 0x0000000083400000|  0%| F|  |TAMS 0x0000000083300000, 0x0000000083300000| Untracked 
|  36|0x0000000083400000, 0x0000000083400000, 0x0000000083500000|  0%| F|  |TAMS 0x0000000083400000, 0x0000000083400000| Untracked 
|  37|0x0000000083500000, 0x0000000083500000, 0x0000000083600000|  0%| F|  |TAMS 0x0000000083500000, 0x0000000083500000| Untracked 
|  38|0x0000000083600000, 0x0000000083600000, 0x0000000083700000|  0%| F|  |TAMS 0x0000000083600000, 0x0000000083600000| Untracked 
|  39|0x0000000083700000, 0x0000000083700000, 0x0000000083800000|  0%| F|  |TAMS 0x0000000083700000, 0x0000000083700000| Untracked 
|  40|0x0000000083800000, 0x0000000083900000, 0x0000000083900000|100%| O|  |TAMS 0x0000000083900000, 0x0000000083800000| Untracked 
|  41|0x0000000083900000, 0x0000000083900000, 0x0000000083a00000|  0%| F|  |TAMS 0x0000000083900000, 0x0000000083900000| Untracked 
|  42|0x0000000083a00000, 0x0000000083b00000, 0x0000000083b00000|100%| O|  |TAMS 0x0000000083b00000, 0x0000000083a00000| Untracked 
|  43|0x0000000083b00000, 0x0000000083b00000, 0x0000000083c00000|  0%| F|  |TAMS 0x0000000083b00000, 0x0000000083b00000| Untracked 
|  44|0x0000000083c00000, 0x0000000083c00000, 0x0000000083d00000|  0%| F|  |TAMS 0x0000000083c00000, 0x0000000083c00000| Untracked 
|  45|0x0000000083d00000, 0x0000000083e00000, 0x0000000083e00000|100%| O|  |TAMS 0x0000000083e00000, 0x0000000083d00000| Untracked 
|  46|0x0000000083e00000, 0x0000000083f00000, 0x0000000083f00000|100%| O|  |TAMS 0x0000000083f00000, 0x0000000083e00000| Untracked 
|  47|0x0000000083f00000, 0x0000000083f00000, 0x0000000084000000|  0%| F|  |TAMS 0x0000000083f00000, 0x0000000083f00000| Untracked 
|  48|0x0000000084000000, 0x0000000084000000, 0x0000000084100000|  0%| F|  |TAMS 0x0000000084000000, 0x0000000084000000| Untracked 
|  49|0x0000000084100000, 0x0000000084200000, 0x0000000084200000|100%| O|  |TAMS 0x0000000084100000, 0x0000000084100000| Untracked 
|  50|0x0000000084200000, 0x0000000084300000, 0x0000000084300000|100%| O|  |TAMS 0x0000000084200000, 0x0000000084200000| Untracked 
|  51|0x0000000084300000, 0x0000000084300000, 0x0000000084400000|  0%| F|  |TAMS 0x0000000084300000, 0x0000000084300000| Untracked 
|  52|0x0000000084400000, 0x0000000084400000, 0x0000000084500000|  0%| F|  |TAMS 0x0000000084400000, 0x0000000084400000| Untracked 
|  53|0x0000000084500000, 0x0000000084500000, 0x0000000084600000|  0%| F|  |TAMS 0x0000000084500000, 0x0000000084500000| Untracked 
|  54|0x0000000084600000, 0x0000000084600000, 0x0000000084700000|  0%| F|  |TAMS 0x0000000084600000, 0x0000000084600000| Untracked 
|  55|0x0000000084700000, 0x0000000084700000, 0x0000000084800000|  0%| F|  |TAMS 0x0000000084700000, 0x0000000084700000| Untracked 
|  56|0x0000000084800000, 0x0000000084800000, 0x0000000084900000|  0%| F|  |TAMS 0x0000000084800000, 0x0000000084800000| Untracked 
|  57|0x0000000084900000, 0x0000000084a00000, 0x0000000084a00000|100%| O|  |TAMS 0x0000000084a00000, 0x0000000084900000| Untracked 
|  58|0x0000000084a00000, 0x0000000084b00000, 0x0000000084b00000|100%|HS|  |TAMS 0x0000000084b00000, 0x0000000084a00000| Complete 
|  59|0x0000000084b00000, 0x0000000084b00000, 0x0000000084c00000|  0%| F|  |TAMS 0x0000000084b00000, 0x0000000084b00000| Untracked 
|  60|0x0000000084c00000, 0x0000000084c00000, 0x0000000084d00000|  0%| F|  |TAMS 0x0000000084c00000, 0x0000000084c00000| Untracked 
|  61|0x0000000084d00000, 0x0000000084d00000, 0x0000000084e00000|  0%| F|  |TAMS 0x0000000084d00000, 0x0000000084d00000| Untracked 
|  62|0x0000000084e00000, 0x0000000084e00000, 0x0000000084f00000|  0%| F|  |TAMS 0x0000000084e00000, 0x0000000084e00000| Untracked 
|  63|0x0000000084f00000, 0x0000000085000000, 0x0000000085000000|100%|HS|  |TAMS 0x0000000085000000, 0x0000000084f00000| Complete 
|  64|0x0000000085000000, 0x0000000085100000, 0x0000000085100000|100%|HS|  |TAMS 0x0000000085100000, 0x0000000085000000| Complete 
|  65|0x0000000085100000, 0x0000000085200000, 0x0000000085200000|100%| O|  |TAMS 0x0000000085200000, 0x0000000085100000| Untracked 
|  66|0x0000000085200000, 0x0000000085300000, 0x0000000085300000|100%| O|  |TAMS 0x0000000085300000, 0x0000000085200000| Untracked 
|  67|0x0000000085300000, 0x0000000085400000, 0x0000000085400000|100%| O|  |TAMS 0x0000000085400000, 0x0000000085300000| Untracked 
|  68|0x0000000085400000, 0x0000000085500000, 0x0000000085500000|100%| O|  |TAMS 0x0000000085500000, 0x0000000085400000| Untracked 
|  69|0x0000000085500000, 0x0000000085600000, 0x0000000085600000|100%| O|  |TAMS 0x0000000085600000, 0x0000000085500000| Untracked 
|  70|0x0000000085600000, 0x0000000085700000, 0x0000000085700000|100%| O|  |TAMS 0x0000000085700000, 0x0000000085600000| Untracked 
|  71|0x0000000085700000, 0x0000000085800000, 0x0000000085800000|100%| O|  |TAMS 0x0000000085800000, 0x0000000085700000| Untracked 
|  72|0x0000000085800000, 0x0000000085900000, 0x0000000085900000|100%| O|  |TAMS 0x0000000085900000, 0x0000000085800000| Untracked 
|  73|0x0000000085900000, 0x0000000085a00000, 0x0000000085a00000|100%| O|  |TAMS 0x0000000085a00000, 0x0000000085900000| Untracked 
|  74|0x0000000085a00000, 0x0000000085b00000, 0x0000000085b00000|100%| O|  |TAMS 0x0000000085b00000, 0x0000000085a00000| Untracked 
|  75|0x0000000085b00000, 0x0000000085c00000, 0x0000000085c00000|100%| O|  |TAMS 0x0000000085c00000, 0x0000000085b00000| Untracked 
|  76|0x0000000085c00000, 0x0000000085d00000, 0x0000000085d00000|100%| O|  |TAMS 0x0000000085d00000, 0x0000000085c00000| Untracked 
|  77|0x0000000085d00000, 0x0000000085e00000, 0x0000000085e00000|100%| O|  |TAMS 0x0000000085e00000, 0x0000000085d00000| Untracked 
|  78|0x0000000085e00000, 0x0000000085f00000, 0x0000000085f00000|100%| O|  |TAMS 0x0000000085f00000, 0x0000000085e00000| Untracked 
|  79|0x0000000085f00000, 0x0000000086000000, 0x0000000086000000|100%| O|  |TAMS 0x0000000086000000, 0x0000000085f00000| Untracked 
|  80|0x0000000086000000, 0x0000000086100000, 0x0000000086100000|100%| O|  |TAMS 0x0000000086100000, 0x0000000086000000| Untracked 
|  81|0x0000000086100000, 0x0000000086200000, 0x0000000086200000|100%| O|  |TAMS 0x0000000086200000, 0x0000000086100000| Untracked 
|  82|0x0000000086200000, 0x0000000086300000, 0x0000000086300000|100%| O|  |TAMS 0x0000000086300000, 0x0000000086200000| Untracked 
|  83|0x0000000086300000, 0x0000000086400000, 0x0000000086400000|100%| O|  |TAMS 0x0000000086400000, 0x0000000086300000| Untracked 
|  84|0x0000000086400000, 0x0000000086500000, 0x0000000086500000|100%| O|  |TAMS 0x0000000086500000, 0x0000000086400000| Untracked 
|  85|0x0000000086500000, 0x0000000086600000, 0x0000000086600000|100%| O|  |TAMS 0x0000000086600000, 0x0000000086500000| Untracked 
|  86|0x0000000086600000, 0x0000000086700000, 0x0000000086700000|100%| O|  |TAMS 0x0000000086700000, 0x0000000086600000| Untracked 
|  87|0x0000000086700000, 0x0000000086800000, 0x0000000086800000|100%| O|  |TAMS 0x0000000086800000, 0x0000000086700000| Untracked 
|  88|0x0000000086800000, 0x0000000086900000, 0x0000000086900000|100%| O|  |TAMS 0x0000000086900000, 0x0000000086800000| Untracked 
|  89|0x0000000086900000, 0x0000000086a00000, 0x0000000086a00000|100%| O|  |TAMS 0x0000000086a00000, 0x0000000086900000| Untracked 
|  90|0x0000000086a00000, 0x0000000086b00000, 0x0000000086b00000|100%| O|  |TAMS 0x0000000086b00000, 0x0000000086a00000| Untracked 
|  91|0x0000000086b00000, 0x0000000086c00000, 0x0000000086c00000|100%| O|  |TAMS 0x0000000086c00000, 0x0000000086b00000| Untracked 
|  92|0x0000000086c00000, 0x0000000086d00000, 0x0000000086d00000|100%| O|  |TAMS 0x0000000086d00000, 0x0000000086c00000| Untracked 
|  93|0x0000000086d00000, 0x0000000086d00000, 0x0000000086e00000|  0%| F|  |TAMS 0x0000000086d00000, 0x0000000086d00000| Untracked 
|  94|0x0000000086e00000, 0x0000000086f00000, 0x0000000086f00000|100%| O|  |TAMS 0x0000000086e00000, 0x0000000086e00000| Untracked 
|  95|0x0000000086f00000, 0x0000000087000000, 0x0000000087000000|100%| O|  |TAMS 0x0000000086f00000, 0x0000000086f00000| Untracked 
|  96|0x0000000087000000, 0x0000000087100000, 0x0000000087100000|100%| O|  |TAMS 0x0000000087000000, 0x0000000087000000| Untracked 
|  97|0x0000000087100000, 0x0000000087200000, 0x0000000087200000|100%| O|  |TAMS 0x0000000087100000, 0x0000000087100000| Untracked 
|  98|0x0000000087200000, 0x0000000087300000, 0x0000000087300000|100%| O|  |TAMS 0x0000000087200000, 0x0000000087200000| Untracked 
|  99|0x0000000087300000, 0x0000000087400000, 0x0000000087400000|100%| O|  |TAMS 0x0000000087300000, 0x0000000087300000| Untracked 
| 100|0x0000000087400000, 0x0000000087500000, 0x0000000087500000|100%| O|  |TAMS 0x0000000087400000, 0x0000000087400000| Untracked 
| 101|0x0000000087500000, 0x0000000087600000, 0x0000000087600000|100%| O|  |TAMS 0x0000000087500000, 0x0000000087500000| Untracked 
| 102|0x0000000087600000, 0x0000000087700000, 0x0000000087700000|100%| O|  |TAMS 0x0000000087700000, 0x0000000087600000| Untracked 
| 103|0x0000000087700000, 0x0000000087800000, 0x0000000087800000|100%| O|  |TAMS 0x0000000087800000, 0x0000000087700000| Untracked 
| 104|0x0000000087800000, 0x0000000087900000, 0x0000000087900000|100%| O|  |TAMS 0x0000000087900000, 0x0000000087800000| Untracked 
| 105|0x0000000087900000, 0x0000000087a00000, 0x0000000087a00000|100%| O|  |TAMS 0x0000000087a00000, 0x0000000087900000| Untracked 
| 106|0x0000000087a00000, 0x0000000087b00000, 0x0000000087b00000|100%| O|  |TAMS 0x0000000087b00000, 0x0000000087a00000| Untracked 
| 107|0x0000000087b00000, 0x0000000087c00000, 0x0000000087c00000|100%| O|  |TAMS 0x0000000087c00000, 0x0000000087b00000| Untracked 
| 108|0x0000000087c00000, 0x0000000087d00000, 0x0000000087d00000|100%| O|  |TAMS 0x0000000087d00000, 0x0000000087c00000| Untracked 
| 109|0x0000000087d00000, 0x0000000087e00000, 0x0000000087e00000|100%| O|  |TAMS 0x0000000087e00000, 0x0000000087d00000| Untracked 
| 110|0x0000000087e00000, 0x0000000087e00000, 0x0000000087f00000|  0%| F|  |TAMS 0x0000000087e00000, 0x0000000087e00000| Untracked 
| 111|0x0000000087f00000, 0x0000000087f00000, 0x0000000088000000|  0%| F|  |TAMS 0x0000000087f00000, 0x0000000087f00000| Untracked 
| 112|0x0000000088000000, 0x0000000088100000, 0x0000000088100000|100%| O|  |TAMS 0x0000000088000000, 0x0000000088000000| Untracked 
| 113|0x0000000088100000, 0x0000000088200000, 0x0000000088200000|100%|HS|  |TAMS 0x0000000088100000, 0x0000000088100000| Complete 
| 114|0x0000000088200000, 0x0000000088300000, 0x0000000088300000|100%| O|  |TAMS 0x0000000088200000, 0x0000000088200000| Untracked 
| 115|0x0000000088300000, 0x0000000088400000, 0x0000000088400000|100%| O|  |TAMS 0x0000000088300000, 0x0000000088300000| Untracked 
| 116|0x0000000088400000, 0x0000000088500000, 0x0000000088500000|100%| O|  |TAMS 0x0000000088400000, 0x0000000088400000| Untracked 
| 117|0x0000000088500000, 0x0000000088600000, 0x0000000088600000|100%| O|  |TAMS 0x0000000088500000, 0x0000000088500000| Untracked 
| 118|0x0000000088600000, 0x0000000088700000, 0x0000000088700000|100%| O|  |TAMS 0x0000000088600000, 0x0000000088600000| Untracked 
| 119|0x0000000088700000, 0x0000000088800000, 0x0000000088800000|100%| O|  |TAMS 0x0000000088700000, 0x0000000088700000| Untracked 
| 120|0x0000000088800000, 0x0000000088900000, 0x0000000088900000|100%| O|  |TAMS 0x0000000088800000, 0x0000000088800000| Untracked 
| 121|0x0000000088900000, 0x0000000088a00000, 0x0000000088a00000|100%| O|  |TAMS 0x0000000088900000, 0x0000000088900000| Untracked 
| 122|0x0000000088a00000, 0x0000000088b00000, 0x0000000088b00000|100%| O|  |TAMS 0x0000000088a00000, 0x0000000088a00000| Untracked 
| 123|0x0000000088b00000, 0x0000000088c00000, 0x0000000088c00000|100%| O|  |TAMS 0x0000000088b00000, 0x0000000088b00000| Untracked 
| 124|0x0000000088c00000, 0x0000000088d00000, 0x0000000088d00000|100%| O|  |TAMS 0x0000000088c00000, 0x0000000088c00000| Untracked 
| 125|0x0000000088d00000, 0x0000000088e00000, 0x0000000088e00000|100%| O|  |TAMS 0x0000000088d00000, 0x0000000088d00000| Untracked 
| 126|0x0000000088e00000, 0x0000000088f00000, 0x0000000088f00000|100%| O|  |TAMS 0x0000000088e00000, 0x0000000088e00000| Untracked 
| 127|0x0000000088f00000, 0x0000000089000000, 0x0000000089000000|100%| O|  |TAMS 0x0000000088f00000, 0x0000000088f00000| Untracked 
| 128|0x0000000089000000, 0x0000000089000000, 0x0000000089100000|  0%| F|  |TAMS 0x0000000089000000, 0x0000000089000000| Untracked 
| 129|0x0000000089100000, 0x0000000089100000, 0x0000000089200000|  0%| F|  |TAMS 0x0000000089100000, 0x0000000089100000| Untracked 
| 130|0x0000000089200000, 0x0000000089200000, 0x0000000089300000|  0%| F|  |TAMS 0x0000000089200000, 0x0000000089200000| Untracked 
| 131|0x0000000089300000, 0x0000000089300000, 0x0000000089400000|  0%| F|  |TAMS 0x0000000089300000, 0x0000000089300000| Untracked 
| 132|0x0000000089400000, 0x0000000089400000, 0x0000000089500000|  0%| F|  |TAMS 0x0000000089400000, 0x0000000089400000| Untracked 
| 133|0x0000000089500000, 0x0000000089500000, 0x0000000089600000|  0%| F|  |TAMS 0x0000000089500000, 0x0000000089500000| Untracked 
| 134|0x0000000089600000, 0x0000000089600000, 0x0000000089700000|  0%| F|  |TAMS 0x0000000089600000, 0x0000000089600000| Untracked 
| 135|0x0000000089700000, 0x0000000089700000, 0x0000000089800000|  0%| F|  |TAMS 0x0000000089700000, 0x0000000089700000| Untracked 
| 136|0x0000000089800000, 0x0000000089800000, 0x0000000089900000|  0%| F|  |TAMS 0x0000000089800000, 0x0000000089800000| Untracked 
| 137|0x0000000089900000, 0x0000000089900000, 0x0000000089a00000|  0%| F|  |TAMS 0x0000000089900000, 0x0000000089900000| Untracked 
| 138|0x0000000089a00000, 0x0000000089a00000, 0x0000000089b00000|  0%| F|  |TAMS 0x0000000089a00000, 0x0000000089a00000| Untracked 
| 139|0x0000000089b00000, 0x0000000089b00000, 0x0000000089c00000|  0%| F|  |TAMS 0x0000000089b00000, 0x0000000089b00000| Untracked 
| 140|0x0000000089c00000, 0x0000000089c00000, 0x0000000089d00000|  0%| F|  |TAMS 0x0000000089c00000, 0x0000000089c00000| Untracked 
| 141|0x0000000089d00000, 0x0000000089d00000, 0x0000000089e00000|  0%| F|  |TAMS 0x0000000089d00000, 0x0000000089d00000| Untracked 
| 142|0x0000000089e00000, 0x0000000089e00000, 0x0000000089f00000|  0%| F|  |TAMS 0x0000000089e00000, 0x0000000089e00000| Untracked 
| 143|0x0000000089f00000, 0x0000000089f00000, 0x000000008a000000|  0%| F|  |TAMS 0x0000000089f00000, 0x0000000089f00000| Untracked 
| 144|0x000000008a000000, 0x000000008a000000, 0x000000008a100000|  0%| F|  |TAMS 0x000000008a000000, 0x000000008a000000| Untracked 
| 145|0x000000008a100000, 0x000000008a100000, 0x000000008a200000|  0%| F|  |TAMS 0x000000008a100000, 0x000000008a100000| Untracked 
| 146|0x000000008a200000, 0x000000008a200000, 0x000000008a300000|  0%| F|  |TAMS 0x000000008a200000, 0x000000008a200000| Untracked 
| 147|0x000000008a300000, 0x000000008a300000, 0x000000008a400000|  0%| F|  |TAMS 0x000000008a300000, 0x000000008a300000| Untracked 
| 148|0x000000008a400000, 0x000000008a400000, 0x000000008a500000|  0%| F|  |TAMS 0x000000008a400000, 0x000000008a400000| Untracked 
| 149|0x000000008a500000, 0x000000008a500000, 0x000000008a600000|  0%| F|  |TAMS 0x000000008a500000, 0x000000008a500000| Untracked 
| 150|0x000000008a600000, 0x000000008a600000, 0x000000008a700000|  0%| F|  |TAMS 0x000000008a600000, 0x000000008a600000| Untracked 
| 151|0x000000008a700000, 0x000000008a700000, 0x000000008a800000|  0%| F|  |TAMS 0x000000008a700000, 0x000000008a700000| Untracked 
| 152|0x000000008a800000, 0x000000008a800000, 0x000000008a900000|  0%| F|  |TAMS 0x000000008a800000, 0x000000008a800000| Untracked 
| 153|0x000000008a900000, 0x000000008a900000, 0x000000008aa00000|  0%| F|  |TAMS 0x000000008a900000, 0x000000008a900000| Untracked 
| 154|0x000000008aa00000, 0x000000008aa00000, 0x000000008ab00000|  0%| F|  |TAMS 0x000000008aa00000, 0x000000008aa00000| Untracked 
| 155|0x000000008ab00000, 0x000000008ab00000, 0x000000008ac00000|  0%| F|  |TAMS 0x000000008ab00000, 0x000000008ab00000| Untracked 
| 156|0x000000008ac00000, 0x000000008ac00000, 0x000000008ad00000|  0%| F|  |TAMS 0x000000008ac00000, 0x000000008ac00000| Untracked 
| 157|0x000000008ad00000, 0x000000008ad00000, 0x000000008ae00000|  0%| F|  |TAMS 0x000000008ad00000, 0x000000008ad00000| Untracked 
| 158|0x000000008ae00000, 0x000000008ae00000, 0x000000008af00000|  0%| F|  |TAMS 0x000000008ae00000, 0x000000008ae00000| Untracked 
| 159|0x000000008af00000, 0x000000008af00000, 0x000000008b000000|  0%| F|  |TAMS 0x000000008af00000, 0x000000008af00000| Untracked 
| 160|0x000000008b000000, 0x000000008b000000, 0x000000008b100000|  0%| F|  |TAMS 0x000000008b000000, 0x000000008b000000| Untracked 
| 161|0x000000008b100000, 0x000000008b100000, 0x000000008b200000|  0%| F|  |TAMS 0x000000008b100000, 0x000000008b100000| Untracked 
| 162|0x000000008b200000, 0x000000008b200000, 0x000000008b300000|  0%| F|  |TAMS 0x000000008b200000, 0x000000008b200000| Untracked 
| 163|0x000000008b300000, 0x000000008b300000, 0x000000008b400000|  0%| F|  |TAMS 0x000000008b300000, 0x000000008b300000| Untracked 
| 164|0x000000008b400000, 0x000000008b400000, 0x000000008b500000|  0%| F|  |TAMS 0x000000008b400000, 0x000000008b400000| Untracked 
| 165|0x000000008b500000, 0x000000008b500000, 0x000000008b600000|  0%| F|  |TAMS 0x000000008b500000, 0x000000008b500000| Untracked 
| 166|0x000000008b600000, 0x000000008b600000, 0x000000008b700000|  0%| F|  |TAMS 0x000000008b600000, 0x000000008b600000| Untracked 
| 167|0x000000008b700000, 0x000000008b700000, 0x000000008b800000|  0%| F|  |TAMS 0x000000008b700000, 0x000000008b700000| Untracked 
| 168|0x000000008b800000, 0x000000008b800000, 0x000000008b900000|  0%| F|  |TAMS 0x000000008b800000, 0x000000008b800000| Untracked 
| 169|0x000000008b900000, 0x000000008b900000, 0x000000008ba00000|  0%| F|  |TAMS 0x000000008b900000, 0x000000008b900000| Untracked 
| 170|0x000000008ba00000, 0x000000008ba00000, 0x000000008bb00000|  0%| F|  |TAMS 0x000000008ba00000, 0x000000008ba00000| Untracked 
| 171|0x000000008bb00000, 0x000000008bb00000, 0x000000008bc00000|  0%| F|  |TAMS 0x000000008bb00000, 0x000000008bb00000| Untracked 
| 172|0x000000008bc00000, 0x000000008bc00000, 0x000000008bd00000|  0%| F|  |TAMS 0x000000008bc00000, 0x000000008bc00000| Untracked 
| 173|0x000000008bd00000, 0x000000008bd00000, 0x000000008be00000|  0%| F|  |TAMS 0x000000008bd00000, 0x000000008bd00000| Untracked 
| 174|0x000000008be00000, 0x000000008be00000, 0x000000008bf00000|  0%| F|  |TAMS 0x000000008be00000, 0x000000008be00000| Untracked 
| 175|0x000000008bf00000, 0x000000008bf00000, 0x000000008c000000|  0%| F|  |TAMS 0x000000008bf00000, 0x000000008bf00000| Untracked 
| 176|0x000000008c000000, 0x000000008c000000, 0x000000008c100000|  0%| F|  |TAMS 0x000000008c000000, 0x000000008c000000| Untracked 
| 177|0x000000008c100000, 0x000000008c100000, 0x000000008c200000|  0%| F|  |TAMS 0x000000008c100000, 0x000000008c100000| Untracked 
| 178|0x000000008c200000, 0x000000008c200000, 0x000000008c300000|  0%| F|  |TAMS 0x000000008c200000, 0x000000008c200000| Untracked 
| 179|0x000000008c300000, 0x000000008c300000, 0x000000008c400000|  0%| F|  |TAMS 0x000000008c300000, 0x000000008c300000| Untracked 
| 180|0x000000008c400000, 0x000000008c400000, 0x000000008c500000|  0%| F|  |TAMS 0x000000008c400000, 0x000000008c400000| Untracked 
| 181|0x000000008c500000, 0x000000008c500000, 0x000000008c600000|  0%| F|  |TAMS 0x000000008c500000, 0x000000008c500000| Untracked 
| 182|0x000000008c600000, 0x000000008c600000, 0x000000008c700000|  0%| F|  |TAMS 0x000000008c600000, 0x000000008c600000| Untracked 
| 183|0x000000008c700000, 0x000000008c700000, 0x000000008c800000|  0%| F|  |TAMS 0x000000008c700000, 0x000000008c700000| Untracked 
| 184|0x000000008c800000, 0x000000008c800000, 0x000000008c900000|  0%| F|  |TAMS 0x000000008c800000, 0x000000008c800000| Untracked 
| 185|0x000000008c900000, 0x000000008c900000, 0x000000008ca00000|  0%| F|  |TAMS 0x000000008c900000, 0x000000008c900000| Untracked 
| 186|0x000000008ca00000, 0x000000008ca00000, 0x000000008cb00000|  0%| F|  |TAMS 0x000000008ca00000, 0x000000008ca00000| Untracked 
| 187|0x000000008cb00000, 0x000000008cb00000, 0x000000008cc00000|  0%| F|  |TAMS 0x000000008cb00000, 0x000000008cb00000| Untracked 
| 188|0x000000008cc00000, 0x000000008cc00000, 0x000000008cd00000|  0%| F|  |TAMS 0x000000008cc00000, 0x000000008cc00000| Untracked 
| 189|0x000000008cd00000, 0x000000008cd00000, 0x000000008ce00000|  0%| F|  |TAMS 0x000000008cd00000, 0x000000008cd00000| Untracked 
| 190|0x000000008ce00000, 0x000000008ce00000, 0x000000008cf00000|  0%| F|  |TAMS 0x000000008ce00000, 0x000000008ce00000| Untracked 
| 191|0x000000008cf00000, 0x000000008cf00000, 0x000000008d000000|  0%| F|  |TAMS 0x000000008cf00000, 0x000000008cf00000| Untracked 
| 192|0x000000008d000000, 0x000000008d100000, 0x000000008d100000|100%| S|CS|TAMS 0x000000008d000000, 0x000000008d000000| Complete 
| 193|0x000000008d100000, 0x000000008d200000, 0x000000008d200000|100%| S|CS|TAMS 0x000000008d100000, 0x000000008d100000| Complete 
| 194|0x000000008d200000, 0x000000008d200000, 0x000000008d300000|  0%| F|  |TAMS 0x000000008d200000, 0x000000008d200000| Untracked 
| 195|0x000000008d300000, 0x000000008d300000, 0x000000008d400000|  0%| F|  |TAMS 0x000000008d300000, 0x000000008d300000| Untracked 
| 196|0x000000008d400000, 0x000000008d400000, 0x000000008d500000|  0%| F|  |TAMS 0x000000008d400000, 0x000000008d400000| Untracked 
| 197|0x000000008d500000, 0x000000008d500000, 0x000000008d600000|  0%| F|  |TAMS 0x000000008d500000, 0x000000008d500000| Untracked 
| 198|0x000000008d600000, 0x000000008d600000, 0x000000008d700000|  0%| F|  |TAMS 0x000000008d600000, 0x000000008d600000| Untracked 
| 199|0x000000008d700000, 0x000000008d700000, 0x000000008d800000|  0%| F|  |TAMS 0x000000008d700000, 0x000000008d700000| Untracked 
| 200|0x000000008d800000, 0x000000008d800000, 0x000000008d900000|  0%| F|  |TAMS 0x000000008d800000, 0x000000008d800000| Untracked 
| 201|0x000000008d900000, 0x000000008d900000, 0x000000008da00000|  0%| F|  |TAMS 0x000000008d900000, 0x000000008d900000| Untracked 
| 202|0x000000008da00000, 0x000000008da00000, 0x000000008db00000|  0%| F|  |TAMS 0x000000008da00000, 0x000000008da00000| Untracked 
| 203|0x000000008db00000, 0x000000008db00000, 0x000000008dc00000|  0%| F|  |TAMS 0x000000008db00000, 0x000000008db00000| Untracked 
| 204|0x000000008dc00000, 0x000000008dc00000, 0x000000008dd00000|  0%| F|  |TAMS 0x000000008dc00000, 0x000000008dc00000| Untracked 
| 205|0x000000008dd00000, 0x000000008dd00000, 0x000000008de00000|  0%| F|  |TAMS 0x000000008dd00000, 0x000000008dd00000| Untracked 
| 206|0x000000008de00000, 0x000000008de00000, 0x000000008df00000|  0%| F|  |TAMS 0x000000008de00000, 0x000000008de00000| Untracked 
| 207|0x000000008df00000, 0x000000008df00000, 0x000000008e000000|  0%| F|  |TAMS 0x000000008df00000, 0x000000008df00000| Untracked 
| 208|0x000000008e000000, 0x000000008e000000, 0x000000008e100000|  0%| F|  |TAMS 0x000000008e000000, 0x000000008e000000| Untracked 
| 209|0x000000008e100000, 0x000000008e100000, 0x000000008e200000|  0%| F|  |TAMS 0x000000008e100000, 0x000000008e100000| Untracked 
| 210|0x000000008e200000, 0x000000008e200000, 0x000000008e300000|  0%| F|  |TAMS 0x000000008e200000, 0x000000008e200000| Untracked 
| 211|0x000000008e300000, 0x000000008e300000, 0x000000008e400000|  0%| F|  |TAMS 0x000000008e300000, 0x000000008e300000| Untracked 
| 212|0x000000008e400000, 0x000000008e400000, 0x000000008e500000|  0%| F|  |TAMS 0x000000008e400000, 0x000000008e400000| Untracked 
| 213|0x000000008e500000, 0x000000008e500000, 0x000000008e600000|  0%| F|  |TAMS 0x000000008e500000, 0x000000008e500000| Untracked 
| 214|0x000000008e600000, 0x000000008e600000, 0x000000008e700000|  0%| F|  |TAMS 0x000000008e600000, 0x000000008e600000| Untracked 
| 215|0x000000008e700000, 0x000000008e700000, 0x000000008e800000|  0%| F|  |TAMS 0x000000008e700000, 0x000000008e700000| Untracked 
| 216|0x000000008e800000, 0x000000008e800000, 0x000000008e900000|  0%| F|  |TAMS 0x000000008e800000, 0x000000008e800000| Untracked 

Card table byte_map: [0x000001f3a5680000,0x000001f3a5a80000] _byte_map_base: 0x000001f3a5278000

Marking Bits (Prev, Next): (CMBitMap*) 0x000001f38cc31100, (CMBitMap*) 0x000001f38cc310c0
 Prev Bits: [0x000001f3a7e40000, 0x000001f3a9e00000)
 Next Bits: [0x000001f3a5e80000, 0x000001f3a7e40000)

Polling page: 0x000001f38c9c0000

Metaspace:

Usage:
  Non-class:     33.15 MB used.
      Class:      3.93 MB used.
       Both:     37.08 MB used.

Virtual space:
  Non-class space:       64.00 MB reserved,      33.44 MB ( 52%) committed,  1 nodes.
      Class space:        1.00 GB reserved,       4.12 MB ( <1%) committed,  1 nodes.
             Both:        1.06 GB reserved,      37.56 MB (  3%) committed. 

Chunk freelists:
   Non-Class:  13.92 MB
       Class:  11.92 MB
        Both:  25.84 MB

MaxMetaspaceSize: unlimited
CompressedClassSpaceSize: 1.00 GB
Initial GC threshold: 21.00 MB
Current GC threshold: 62.31 MB
CDS: on
MetaspaceReclaimPolicy: balanced
 - commit_granule_bytes: 65536.
 - commit_granule_words: 8192.
 - virtual_space_node_default_size: 8388608.
 - enlarge_chunks_in_place: 1.
 - new_chunks_are_fully_committed: 0.
 - uncommit_free_chunks: 1.
 - use_allocation_guard: 0.
 - handle_deallocations: 1.


Internal statistics:

num_allocs_failed_limit: 3.
num_arena_births: 250.
num_arena_deaths: 0.
num_vsnodes_births: 2.
num_vsnodes_deaths: 0.
num_space_committed: 601.
num_space_uncommitted: 0.
num_chunks_returned_to_freelist: 3.
num_chunks_taken_from_freelist: 1527.
num_chunk_merges: 3.
num_chunk_splits: 1113.
num_chunks_enlarged: 893.
num_purges: 0.
num_inconsistent_stats: 0.

CodeHeap 'non-profiled nmethods': size=120000Kb used=8876Kb max_used=8876Kb free=111123Kb
 bounds [0x000001f39d730000, 0x000001f39dfe0000, 0x000001f3a4c60000]
CodeHeap 'profiled nmethods': size=120000Kb used=19941Kb max_used=20085Kb free=100058Kb
 bounds [0x000001f395c60000, 0x000001f397060000, 0x000001f39d190000]
CodeHeap 'non-nmethods': size=5760Kb used=1242Kb max_used=1307Kb free=4518Kb
 bounds [0x000001f39d190000, 0x000001f39d400000, 0x000001f39d730000]
 total_blobs=9655 nmethods=9105 adapters=462
 compilation: enabled
              stopped_count=0, restarted_count=0
 full_count=0

Compilation events (20 events):
Event: 62.965 Thread 0x000001f3ac4030d0 nmethod 11719 0x000001f39dfd0910 code [0x000001f39dfd0be0, 0x000001f39dfd3d50]
Event: 62.965 Thread 0x000001f3ac4030d0 11724       4       com.sun.tools.javac.comp.Resolve::findIdentInPackage (22 bytes)
Event: 63.005 Thread 0x000001f3ac42f700 11756   !   2       java.util.Collections$SynchronizedCollection::add (25 bytes)
Event: 63.005 Thread 0x000001f3ac42f700 nmethod 11756 0x000001f396b49890 code [0x000001f396b49a40, 0x000001f396b49c48]
Event: 63.005 Thread 0x000001f3ac42f700 11757       2       com.sun.tools.javac.jvm.ClassReader$$Lambda$171/0x000001f3ae36f450::apply (9 bytes)
Event: 63.006 Thread 0x000001f3ac42f700 nmethod 11757 0x000001f396cd6a90 code [0x000001f396cd6c40, 0x000001f396cd6df8]
Event: 63.050 Thread 0x000001f3ac4030d0 nmethod 11724 0x000001f39dfd5390 code [0x000001f39dfd5780, 0x000001f39dfd8d60]
Event: 63.050 Thread 0x000001f3ac4030d0 11755       4       com.sun.tools.javac.jvm.ClassReader::sigToType (893 bytes)
Event: 63.060 Thread 0x000001f3ac42f700 11758       2       com.sun.tools.javac.jvm.ClassReader$4::read (35 bytes)
Event: 63.060 Thread 0x000001f3ac42f700 nmethod 11758 0x000001f39659a590 code [0x000001f39659a720, 0x000001f39659a858]
Event: 63.063 Thread 0x000001f3ac42f700 11759       3       com.sun.tools.javac.code.Types$16::visitClassType (10 bytes)
Event: 63.063 Thread 0x000001f3ac42f700 nmethod 11759 0x000001f39659a110 code [0x000001f39659a2c0, 0x000001f39659a4e8]
Event: 63.094 Thread 0x000001f3ac42f700 11761       2       jdk.internal.jimage.ImageReader$SharedImageReader$$Lambda$156/0x000001f3ae25e9f0::<init> (15 bytes)
Event: 63.094 Thread 0x000001f3ac42f700 nmethod 11761 0x000001f396599d10 code [0x000001f396599ea0, 0x000001f39659a058]
Event: 63.121 Thread 0x000001f3ac42f700 11762       2       java.util.regex.Matcher::getTextLength (10 bytes)
Event: 63.121 Thread 0x000001f3ac42f700 nmethod 11762 0x000001f39672b010 code [0x000001f39672b1a0, 0x000001f39672b2c8]
Event: 63.144 Thread 0x000001f3ac42f700 11763       2       jdk.nio.zipfs.ZipFileSystem$EntryInputStream::read (127 bytes)
Event: 63.145 Thread 0x000001f3ac42f700 nmethod 11763 0x000001f396599410 code [0x000001f396599620, 0x000001f396599a48]
Event: 63.145 Thread 0x000001f3ac42f700 11764       2       jdk.nio.zipfs.ZipFileSystem$EntryInputStream::initDataPos (94 bytes)
Event: 63.145 Thread 0x000001f3ac42f700 nmethod 11764 0x000001f396598c10 code [0x000001f396598de0, 0x000001f396599188]

GC Heap History (20 events):
Event: 34.964 GC heap after
{Heap after GC invocations=32 (full 0):
 garbage-first heap   total 208896K, used 63497K [0x0000000081000000, 0x0000000100000000)
  region size 1024K, 1 young (1024K), 1 survivors (1024K)
 Metaspace       used 33870K, committed 34240K, reserved 1114112K
  class space    used 3644K, committed 3840K, reserved 1048576K
}
Event: 44.432 GC heap before
{Heap before GC invocations=32 (full 0):
 garbage-first heap   total 208896K, used 158729K [0x0000000081000000, 0x0000000100000000)
  region size 1024K, 94 young (96256K), 1 survivors (1024K)
 Metaspace       used 34206K, committed 34560K, reserved 1114112K
  class space    used 3668K, committed 3840K, reserved 1048576K
}
Event: 44.437 GC heap after
{Heap after GC invocations=33 (full 0):
 garbage-first heap   total 208896K, used 65461K [0x0000000081000000, 0x0000000100000000)
  region size 1024K, 3 young (3072K), 3 survivors (3072K)
 Metaspace       used 34206K, committed 34560K, reserved 1114112K
  class space    used 3668K, committed 3840K, reserved 1048576K
}
Event: 46.673 GC heap before
{Heap before GC invocations=33 (full 0):
 garbage-first heap   total 208896K, used 162741K [0x0000000081000000, 0x0000000100000000)
  region size 1024K, 98 young (100352K), 3 survivors (3072K)
 Metaspace       used 34297K, committed 34688K, reserved 1114112K
  class space    used 3671K, committed 3840K, reserved 1048576K
}
Event: 46.677 GC heap after
{Heap after GC invocations=34 (full 0):
 garbage-first heap   total 208896K, used 66500K [0x0000000081000000, 0x0000000100000000)
  region size 1024K, 4 young (4096K), 4 survivors (4096K)
 Metaspace       used 34297K, committed 34688K, reserved 1114112K
  class space    used 3671K, committed 3840K, reserved 1048576K
}
Event: 57.408 GC heap before
{Heap before GC invocations=34 (full 0):
 garbage-first heap   total 208896K, used 155588K [0x0000000081000000, 0x0000000100000000)
  region size 1024K, 92 young (94208K), 4 survivors (4096K)
 Metaspace       used 37811K, committed 38144K, reserved 1114112K
  class space    used 4015K, committed 4160K, reserved 1048576K
}
Event: 57.419 GC heap after
{Heap after GC invocations=35 (full 0):
 garbage-first heap   total 208896K, used 72784K [0x0000000081000000, 0x0000000100000000)
  region size 1024K, 10 young (10240K), 10 survivors (10240K)
 Metaspace       used 37811K, committed 38144K, reserved 1114112K
  class space    used 4015K, committed 4160K, reserved 1048576K
}
Event: 58.952 GC heap before
{Heap before GC invocations=36 (full 0):
 garbage-first heap   total 208896K, used 170064K [0x0000000081000000, 0x0000000100000000)
  region size 1024K, 102 young (104448K), 10 survivors (10240K)
 Metaspace       used 37892K, committed 38336K, reserved 1114112K
  class space    used 4019K, committed 4224K, reserved 1048576K
}
Event: 58.977 GC heap after
{Heap after GC invocations=37 (full 0):
 garbage-first heap   total 208896K, used 99286K [0x0000000081000000, 0x0000000100000000)
  region size 1024K, 13 young (13312K), 13 survivors (13312K)
 Metaspace       used 37892K, committed 38336K, reserved 1114112K
  class space    used 4019K, committed 4224K, reserved 1048576K
}
Event: 59.009 GC heap before
{Heap before GC invocations=37 (full 0):
 garbage-first heap   total 208896K, used 100310K [0x0000000081000000, 0x0000000100000000)
  region size 1024K, 14 young (14336K), 13 survivors (13312K)
 Metaspace       used 37892K, committed 38336K, reserved 1114112K
  class space    used 4019K, committed 4224K, reserved 1048576K
}
Event: 59.018 GC heap after
{Heap after GC invocations=38 (full 0):
 garbage-first heap   total 208896K, used 100864K [0x0000000081000000, 0x0000000100000000)
  region size 1024K, 2 young (2048K), 2 survivors (2048K)
 Metaspace       used 37892K, committed 38336K, reserved 1114112K
  class space    used 4019K, committed 4224K, reserved 1048576K
}
Event: 59.843 GC heap before
{Heap before GC invocations=38 (full 0):
 garbage-first heap   total 208896K, used 162304K [0x0000000081000000, 0x0000000100000000)
  region size 1024K, 62 young (63488K), 2 survivors (2048K)
 Metaspace       used 37898K, committed 38336K, reserved 1114112K
  class space    used 4019K, committed 4224K, reserved 1048576K
}
Event: 59.855 GC heap after
{Heap after GC invocations=39 (full 0):
 garbage-first heap   total 208896K, used 114688K [0x0000000081000000, 0x0000000100000000)
  region size 1024K, 8 young (8192K), 8 survivors (8192K)
 Metaspace       used 37898K, committed 38336K, reserved 1114112K
  class space    used 4019K, committed 4224K, reserved 1048576K
}
Event: 60.496 GC heap before
{Heap before GC invocations=39 (full 0):
 garbage-first heap   total 208896K, used 129024K [0x0000000081000000, 0x0000000100000000)
  region size 1024K, 23 young (23552K), 8 survivors (8192K)
 Metaspace       used 37929K, committed 38336K, reserved 1114112K
  class space    used 4021K, committed 4224K, reserved 1048576K
}
Event: 60.506 GC heap after
{Heap after GC invocations=40 (full 0):
 garbage-first heap   total 208896K, used 119968K [0x0000000081000000, 0x0000000100000000)
  region size 1024K, 5 young (5120K), 5 survivors (5120K)
 Metaspace       used 37929K, committed 38336K, reserved 1114112K
  class space    used 4021K, committed 4224K, reserved 1048576K
}
Event: 62.743 GC heap before
{Heap before GC invocations=41 (full 0):
 garbage-first heap   total 208896K, used 161952K [0x0000000081000000, 0x0000000100000000)
  region size 1024K, 47 young (48128K), 5 survivors (5120K)
 Metaspace       used 37965K, committed 38400K, reserved 1114112K
  class space    used 4022K, committed 4224K, reserved 1048576K
}
Event: 62.758 GC heap after
{Heap after GC invocations=42 (full 0):
 garbage-first heap   total 208896K, used 127756K [0x0000000081000000, 0x0000000100000000)
  region size 1024K, 6 young (6144K), 6 survivors (6144K)
 Metaspace       used 37965K, committed 38400K, reserved 1114112K
  class space    used 4022K, committed 4224K, reserved 1048576K
}
Event: 62.831 GC heap before
{Heap before GC invocations=42 (full 0):
 garbage-first heap   total 208896K, used 131852K [0x0000000081000000, 0x0000000100000000)
  region size 1024K, 10 young (10240K), 6 survivors (6144K)
 Metaspace       used 37967K, committed 38400K, reserved 1114112K
  class space    used 4022K, committed 4224K, reserved 1048576K
}
Event: 62.840 GC heap after
{Heap after GC invocations=43 (full 0):
 garbage-first heap   total 208896K, used 110279K [0x0000000081000000, 0x0000000100000000)
  region size 1024K, 1 young (1024K), 1 survivors (1024K)
 Metaspace       used 37967K, committed 38400K, reserved 1114112K
  class space    used 4022K, committed 4224K, reserved 1048576K
}
Event: 63.149 GC heap before
{Heap before GC invocations=43 (full 0):
 garbage-first heap   total 208896K, used 119495K [0x0000000081000000, 0x0000000100000000)
  region size 1024K, 10 young (10240K), 1 survivors (1024K)
 Metaspace       used 37973K, committed 38464K, reserved 1114112K
  class space    used 4022K, committed 4224K, reserved 1048576K
}

Deoptimization events (20 events):
Event: 62.558 Thread 0x000001f38cbd6540 Uncommon trap: trap_request=0xffffff45 fr.pc=0x000001f39daf2604 relative=0x0000000000000164
Event: 62.558 Thread 0x000001f38cbd6540 Uncommon trap: reason=unstable_if action=reinterpret pc=0x000001f39daf2604 method=com.sun.tools.javac.comp.Resolve.checkRestrictedType(Lcom/sun/tools/javac/util/JCDiagnostic$DiagnosticPosition;Lcom/sun/tools/javac/code/Symbol;Lcom/sun/tools/javac/util/Nam
Event: 62.558 Thread 0x000001f38cbd6540 DEOPT PACKING pc=0x000001f39daf2604 sp=0x000000d83fcfd1d0
Event: 62.558 Thread 0x000001f38cbd6540 DEOPT UNPACKING pc=0x000001f39d1e23a3 sp=0x000000d83fcfd170 mode 2
Event: 62.683 Thread 0x000001f38cbd6540 Uncommon trap: trap_request=0xffffff45 fr.pc=0x000001f39dc67f14 relative=0x00000000000007d4
Event: 62.683 Thread 0x000001f38cbd6540 Uncommon trap: reason=unstable_if action=reinterpret pc=0x000001f39dc67f14 method=com.sun.tools.javac.code.Symbol$ClassSymbol.getSuperclass()Lcom/sun/tools/javac/code/Type; @ 25 c2
Event: 62.683 Thread 0x000001f38cbd6540 DEOPT PACKING pc=0x000001f39dc67f14 sp=0x000000d83fcfceb0
Event: 62.683 Thread 0x000001f38cbd6540 DEOPT UNPACKING pc=0x000001f39d1e23a3 sp=0x000000d83fcfce00 mode 2
Event: 62.683 Thread 0x000001f38cbd6540 Uncommon trap: trap_request=0xffffff45 fr.pc=0x000001f39da2dc68 relative=0x00000000000005e8
Event: 62.683 Thread 0x000001f38cbd6540 Uncommon trap: reason=unstable_if action=reinterpret pc=0x000001f39da2dc68 method=com.sun.tools.javac.code.Types$16.visitClassType(Lcom/sun/tools/javac/code/Type$ClassType;Ljava/lang/Void;)Lcom/sun/tools/javac/util/List; @ 22 c2
Event: 62.683 Thread 0x000001f38cbd6540 DEOPT PACKING pc=0x000001f39da2dc68 sp=0x000000d83fcfced0
Event: 62.683 Thread 0x000001f38cbd6540 DEOPT UNPACKING pc=0x000001f39d1e23a3 sp=0x000000d83fcfce20 mode 2
Event: 62.881 Thread 0x000001f38cbd6540 Uncommon trap: trap_request=0xffffff45 fr.pc=0x000001f39da64aec relative=0x0000000000001cec
Event: 62.882 Thread 0x000001f38cbd6540 Uncommon trap: reason=unstable_if action=reinterpret pc=0x000001f39da64aec method=com.sun.tools.javac.jvm.ClassReader.setParameters(Lcom/sun/tools/javac/code/Symbol$MethodSymbol;Lcom/sun/tools/javac/code/Type;)V @ 6 c2
Event: 62.882 Thread 0x000001f38cbd6540 DEOPT PACKING pc=0x000001f39da64aec sp=0x000000d83fcfa870
Event: 62.882 Thread 0x000001f38cbd6540 DEOPT UNPACKING pc=0x000001f39d1e23a3 sp=0x000000d83fcfa840 mode 2
Event: 63.063 Thread 0x000001f38cbd6540 Uncommon trap: trap_request=0xffffff45 fr.pc=0x000001f39ddb2ae8 relative=0x0000000000003208
Event: 63.063 Thread 0x000001f38cbd6540 Uncommon trap: reason=unstable_if action=reinterpret pc=0x000001f39ddb2ae8 method=com.sun.tools.javac.comp.MemberEnter.visitVarDef(Lcom/sun/tools/javac/tree/JCTree$JCVariableDecl;)V @ 46 c2
Event: 63.063 Thread 0x000001f38cbd6540 DEOPT PACKING pc=0x000001f39ddb2ae8 sp=0x000000d83fcfd270
Event: 63.063 Thread 0x000001f38cbd6540 DEOPT UNPACKING pc=0x000001f39d1e23a3 sp=0x000000d83fcfd2a0 mode 2

Classes unloaded (0 events):
No events

Classes redefined (0 events):
No events

Internal exceptions (20 events):
Event: 63.138 Thread 0x000001f38cbd6540 Exception <a 'sun/nio/fs/WindowsException'{0x000000008d28af60}> (0x000000008d28af60) 
thrown [s\open\src\hotspot\share\prims\jni.cpp, line 516]
Event: 63.138 Thread 0x000001f38cbd6540 Exception <a 'sun/nio/fs/WindowsException'{0x000000008d28b300}> (0x000000008d28b300) 
thrown [s\open\src\hotspot\share\prims\jni.cpp, line 516]
Event: 63.139 Thread 0x000001f38cbd6540 Exception <a 'sun/nio/fs/WindowsException'{0x000000008d28c850}> (0x000000008d28c850) 
thrown [s\open\src\hotspot\share\prims\jni.cpp, line 516]
Event: 63.139 Thread 0x000001f38cbd6540 Exception <a 'sun/nio/fs/WindowsException'{0x000000008d28cc70}> (0x000000008d28cc70) 
thrown [s\open\src\hotspot\share\prims\jni.cpp, line 516]
Event: 63.142 Thread 0x000001f38cbd6540 Exception <a 'sun/nio/fs/WindowsException'{0x000000008d2de2f8}> (0x000000008d2de2f8) 
thrown [s\open\src\hotspot\share\prims\jni.cpp, line 516]
Event: 63.142 Thread 0x000001f38cbd6540 Exception <a 'sun/nio/fs/WindowsException'{0x000000008d2de688}> (0x000000008d2de688) 
thrown [s\open\src\hotspot\share\prims\jni.cpp, line 516]
Event: 63.142 Thread 0x000001f38cbd6540 Exception <a 'sun/nio/fs/WindowsException'{0x000000008d2e0920}> (0x000000008d2e0920) 
thrown [s\open\src\hotspot\share\prims\jni.cpp, line 516]
Event: 63.143 Thread 0x000001f38cbd6540 Exception <a 'sun/nio/fs/WindowsException'{0x000000008d2e0c10}> (0x000000008d2e0c10) 
thrown [s\open\src\hotspot\share\prims\jni.cpp, line 516]
Event: 63.143 Thread 0x000001f38cbd6540 Exception <a 'sun/nio/fs/WindowsException'{0x000000008d2e4068}> (0x000000008d2e4068) 
thrown [s\open\src\hotspot\share\prims\jni.cpp, line 516]
Event: 63.143 Thread 0x000001f38cbd6540 Exception <a 'sun/nio/fs/WindowsException'{0x000000008d2e43f0}> (0x000000008d2e43f0) 
thrown [s\open\src\hotspot\share\prims\jni.cpp, line 516]
Event: 63.144 Thread 0x000001f38cbd6540 Exception <a 'sun/nio/fs/WindowsException'{0x000000008d2e5c58}> (0x000000008d2e5c58) 
thrown [s\open\src\hotspot\share\prims\jni.cpp, line 516]
Event: 63.144 Thread 0x000001f38cbd6540 Exception <a 'sun/nio/fs/WindowsException'{0x000000008d2e6068}> (0x000000008d2e6068) 
thrown [s\open\src\hotspot\share\prims\jni.cpp, line 516]
Event: 63.146 Thread 0x000001f38cbd6540 Exception <a 'sun/nio/fs/WindowsException'{0x000000008d2ee260}> (0x000000008d2ee260) 
thrown [s\open\src\hotspot\share\prims\jni.cpp, line 516]
Event: 63.147 Thread 0x000001f38cbd6540 Exception <a 'sun/nio/fs/WindowsException'{0x000000008d2ee5d0}> (0x000000008d2ee5d0) 
thrown [s\open\src\hotspot\share\prims\jni.cpp, line 516]
Event: 63.147 Thread 0x000001f38cbd6540 Exception <a 'sun/nio/fs/WindowsException'{0x000000008d2f1020}> (0x000000008d2f1020) 
thrown [s\open\src\hotspot\share\prims\jni.cpp, line 516]
Event: 63.147 Thread 0x000001f38cbd6540 Exception <a 'sun/nio/fs/WindowsException'{0x000000008d2f12f0}> (0x000000008d2f12f0) 
thrown [s\open\src\hotspot\share\prims\jni.cpp, line 516]
Event: 63.148 Thread 0x000001f38cbd6540 Exception <a 'sun/nio/fs/WindowsException'{0x000000008d2f6030}> (0x000000008d2f6030) 
thrown [s\open\src\hotspot\share\prims\jni.cpp, line 516]
Event: 63.148 Thread 0x000001f38cbd6540 Exception <a 'sun/nio/fs/WindowsException'{0x000000008d2f6390}> (0x000000008d2f6390) 
thrown [s\open\src\hotspot\share\prims\jni.cpp, line 516]
Event: 63.148 Thread 0x000001f38cbd6540 Exception <a 'sun/nio/fs/WindowsException'{0x000000008d2f78a0}> (0x000000008d2f78a0) 
thrown [s\open\src\hotspot\share\prims\jni.cpp, line 516]
Event: 63.148 Thread 0x000001f38cbd6540 Exception <a 'sun/nio/fs/WindowsException'{0x000000008d2f7c90}> (0x000000008d2f7c90) 
thrown [s\open\src\hotspot\share\prims\jni.cpp, line 516]

VM Operations (20 events):
Event: 59.019 Executing VM operation: G1CollectForAllocation done
Event: 59.843 Executing VM operation: G1CollectForAllocation
Event: 59.855 Executing VM operation: G1CollectForAllocation done
Event: 59.929 Executing VM operation: HandshakeAllThreads
Event: 59.929 Executing VM operation: HandshakeAllThreads done
Event: 60.496 Executing VM operation: G1TryInitiateConcMark
Event: 60.512 Executing VM operation: G1TryInitiateConcMark done
Event: 60.600 Executing VM operation: G1Concurrent
Event: 60.605 Executing VM operation: G1Concurrent done
Event: 60.663 Executing VM operation: G1Concurrent
Event: 60.663 Executing VM operation: G1Concurrent done
Event: 61.666 Executing VM operation: Cleanup
Event: 61.666 Executing VM operation: Cleanup done
Event: 62.674 Executing VM operation: Cleanup
Event: 62.674 Executing VM operation: Cleanup done
Event: 62.743 Executing VM operation: G1CollectForAllocation
Event: 62.758 Executing VM operation: G1CollectForAllocation done
Event: 62.831 Executing VM operation: G1CollectForAllocation
Event: 62.840 Executing VM operation: G1CollectForAllocation done
Event: 63.149 Executing VM operation: G1CollectForAllocation

Events (20 events):
Event: 58.430 Thread 0x000001f3ac432c40 flushing nmethod 0x000001f396142b90
Event: 58.430 Thread 0x000001f3ac432c40 flushing nmethod 0x000001f39615ae10
Event: 58.430 Thread 0x000001f3ac432c40 flushing nmethod 0x000001f39615d310
Event: 58.430 Thread 0x000001f3ac432c40 flushing nmethod 0x000001f396163190
Event: 58.430 Thread 0x000001f3ac432c40 flushing nmethod 0x000001f3961a2b90
Event: 58.433 Thread 0x000001f3ac432c40 flushing nmethod 0x000001f396598c10
Event: 58.436 Thread 0x000001f3ac432c40 flushing nmethod 0x000001f396b49090
Event: 58.438 Thread 0x000001f3ac432c40 flushing nmethod 0x000001f396fb6a10
Event: 58.438 Thread 0x000001f3ac432c40 flushing nmethod 0x000001f396fd3c10
Event: 58.438 Thread 0x000001f3ac432c40 flushing nmethod 0x000001f396fd4b90
Event: 58.438 Thread 0x000001f3ac432c40 flushing nmethod 0x000001f396fd5690
Event: 58.438 Thread 0x000001f3ac432c40 flushing nmethod 0x000001f396fd6f10
Event: 58.438 Thread 0x000001f3ac432c40 flushing nmethod 0x000001f396fd7b10
Event: 58.438 Thread 0x000001f3ac432c40 flushing nmethod 0x000001f396fd7f10
Event: 58.438 Thread 0x000001f3ac432c40 flushing nmethod 0x000001f396fd9c90
Event: 58.438 Thread 0x000001f3ac432c40 flushing nmethod 0x000001f396fda610
Event: 58.438 Thread 0x000001f3ac432c40 flushing nmethod 0x000001f396fe9310
Event: 58.438 Thread 0x000001f3ac432c40 flushing nmethod 0x000001f396fea190
Event: 58.438 Thread 0x000001f3ac432c40 flushing nmethod 0x000001f396febc90
Event: 58.438 Thread 0x000001f3ac432c40 flushing nmethod 0x000001f396fecf10


Dynamic libraries:
0x00007ff6c9040000 - 0x00007ff6c9050000 	C:\Program Files\Java\jdk-17\bin\java.exe
0x00007ff8675b0000 - 0x00007ff8677a8000 	C:\Windows\SYSTEM32\ntdll.dll
0x00007ff866570000 - 0x00007ff86662d000 	C:\Windows\System32\KERNEL32.DLL
0x00007ff865100000 - 0x00007ff8653f6000 	C:\Windows\System32\KERNELBASE.dll
0x00007ff865000000 - 0x00007ff865100000 	C:\Windows\System32\ucrtbase.dll
0x00007ff862190000 - 0x00007ff8621a9000 	C:\Program Files\Java\jdk-17\bin\jli.dll
0x00007ff8607d0000 - 0x00007ff8607eb000 	C:\Program Files\Java\jdk-17\bin\VCRUNTIME140.dll
0x00007ff866e80000 - 0x00007ff866f33000 	C:\Windows\System32\ADVAPI32.dll
0x00007ff865b60000 - 0x00007ff865bfe000 	C:\Windows\System32\msvcrt.dll
0x00007ff8659c0000 - 0x00007ff865a5f000 	C:\Windows\System32\sechost.dll
0x00007ff866140000 - 0x00007ff866266000 	C:\Windows\System32\RPCRT4.dll
0x00007ff865520000 - 0x00007ff865547000 	C:\Windows\System32\bcrypt.dll
0x00007ff865820000 - 0x00007ff8659be000 	C:\Windows\System32\USER32.dll
0x00007ff864f60000 - 0x00007ff864f82000 	C:\Windows\System32\win32u.dll
0x00007ff865a60000 - 0x00007ff865a8c000 	C:\Windows\System32\GDI32.dll
0x00007ff865400000 - 0x00007ff86551a000 	C:\Windows\System32\gdi32full.dll
0x00007ff864ec0000 - 0x00007ff864f5d000 	C:\Windows\System32\msvcp_win.dll
0x00007ff854ea0000 - 0x00007ff85513a000 	C:\Windows\WinSxS\amd64_microsoft.windows.common-controls_6595b64144ccf1df_6.0.19041.3636_none_60b6a03d71f818d5\COMCTL32.dll
0x00007ff85e560000 - 0x00007ff85e56a000 	C:\Windows\SYSTEM32\VERSION.dll
0x00007ff867540000 - 0x00007ff867570000 	C:\Windows\System32\IMM32.DLL
0x00007ff862450000 - 0x00007ff86245c000 	C:\Program Files\Java\jdk-17\bin\vcruntime140_1.dll
0x00007ff843fc0000 - 0x00007ff84404e000 	C:\Program Files\Java\jdk-17\bin\msvcp140.dll
0x00007ff836630000 - 0x00007ff83720e000 	C:\Program Files\Java\jdk-17\bin\server\jvm.dll
0x00007ff866720000 - 0x00007ff866728000 	C:\Windows\System32\PSAPI.DLL
0x00007ff848f50000 - 0x00007ff848f59000 	C:\Windows\SYSTEM32\WSOCK32.dll
0x00007ff85b670000 - 0x00007ff85b697000 	C:\Windows\SYSTEM32\WINMM.dll
0x00007ff8662f0000 - 0x00007ff86635b000 	C:\Windows\System32\WS2_32.dll
0x00007ff862b50000 - 0x00007ff862b62000 	C:\Windows\SYSTEM32\kernel.appcore.dll
0x00007ff8623c0000 - 0x00007ff8623ca000 	C:\Program Files\Java\jdk-17\bin\jimage.dll
0x00007ff85bb40000 - 0x00007ff85bd24000 	C:\Windows\SYSTEM32\DBGHELP.DLL
0x00007ff854430000 - 0x00007ff854464000 	C:\Windows\SYSTEM32\dbgcore.DLL
0x00007ff864e30000 - 0x00007ff864eb2000 	C:\Windows\System32\bcryptPrimitives.dll
0x00007ff859580000 - 0x00007ff8595a5000 	C:\Program Files\Java\jdk-17\bin\java.dll
0x00007ff83efa0000 - 0x00007ff83f077000 	C:\Program Files\Java\jdk-17\bin\jsvml.dll
0x00007ff866730000 - 0x00007ff866e75000 	C:\Windows\System32\SHELL32.dll
0x00007ff862d50000 - 0x00007ff8634eb000 	C:\Windows\SYSTEM32\windows.storage.dll
0x00007ff865dd0000 - 0x00007ff866124000 	C:\Windows\System32\combase.dll
0x00007ff8646b0000 - 0x00007ff8646dd000 	C:\Windows\SYSTEM32\Wldp.dll
0x00007ff865d20000 - 0x00007ff865dcd000 	C:\Windows\System32\SHCORE.dll
0x00007ff866630000 - 0x00007ff866685000 	C:\Windows\System32\shlwapi.dll
0x00007ff864bb0000 - 0x00007ff864bd5000 	C:\Windows\SYSTEM32\profapi.dll
0x00007ff860700000 - 0x00007ff860719000 	C:\Program Files\Java\jdk-17\bin\net.dll
0x00007ff85f240000 - 0x00007ff85f34a000 	C:\Windows\SYSTEM32\WINHTTP.dll
0x00007ff864410000 - 0x00007ff86447a000 	C:\Windows\system32\mswsock.dll
0x00007ff85dbf0000 - 0x00007ff85dc06000 	C:\Program Files\Java\jdk-17\bin\nio.dll
0x00007ff85aa50000 - 0x00007ff85aa68000 	C:\Program Files\Java\jdk-17\bin\zip.dll
0x0000000069ac0000 - 0x0000000069ae4000 	C:\Users\sathonay\Documents\apache-maven-3.8.3\lib\jansi-native\Windows\x86_64\jansi.dll
0x00007ff862390000 - 0x00007ff8623a0000 	C:\Program Files\Java\jdk-17\bin\verify.dll
0x00007ff85f0c0000 - 0x00007ff85f0ce000 	C:\Program Files\Java\jdk-17\bin\sunmscapi.dll
0x00007ff864cd0000 - 0x00007ff864e2d000 	C:\Windows\System32\CRYPT32.dll
0x00007ff864720000 - 0x00007ff864748000 	C:\Windows\SYSTEM32\ncrypt.dll
0x00007ff8646e0000 - 0x00007ff86471b000 	C:\Windows\SYSTEM32\NTASN1.dll
0x00007ff864600000 - 0x00007ff864618000 	C:\Windows\SYSTEM32\CRYPTSP.dll
0x00007ff863c70000 - 0x00007ff863ca4000 	C:\Windows\system32\rsaenh.dll
0x00007ff864b30000 - 0x00007ff864b5e000 	C:\Windows\SYSTEM32\USERENV.dll
0x00007ff864620000 - 0x00007ff86462c000 	C:\Windows\SYSTEM32\CRYPTBASE.dll
0x00007ff8640b0000 - 0x00007ff8640eb000 	C:\Windows\SYSTEM32\IPHLPAPI.DLL
0x00007ff8657b0000 - 0x00007ff8657b8000 	C:\Windows\System32\NSI.dll
0x00007ff85e510000 - 0x00007ff85e527000 	C:\Windows\SYSTEM32\dhcpcsvc6.DLL
0x00007ff85e4f0000 - 0x00007ff85e50d000 	C:\Windows\SYSTEM32\dhcpcsvc.DLL
0x00007ff864100000 - 0x00007ff8641ca000 	C:\Windows\SYSTEM32\DNSAPI.dll
0x00007ff83ae20000 - 0x00007ff83ae37000 	C:\Windows\system32\napinsp.dll
0x00007ff83ae00000 - 0x00007ff83ae1b000 	C:\Windows\system32\pnrpnsp.dll
0x00007ff85f7b0000 - 0x00007ff85f7c5000 	C:\Windows\system32\wshbth.dll
0x00007ff860630000 - 0x00007ff86064d000 	C:\Windows\system32\NLAapi.dll
0x00007ff83a890000 - 0x00007ff83a8a2000 	C:\Windows\System32\winrnr.dll
0x00007ff853a40000 - 0x00007ff853a4a000 	C:\Windows\System32\rasadhlp.dll
0x00007ff853940000 - 0x00007ff8539c0000 	C:\Windows\System32\fwpuclnt.dll
0x00007ff863db0000 - 0x00007ff863de3000 	C:\Windows\SYSTEM32\ntmarta.dll

dbghelp: loaded successfully - version: 4.0.5 - missing functions: none
symbol engine: initialized successfully - sym options: 0x614 - pdb path: .;C:\Program Files\Java\jdk-17\bin;C:\Windows\SYSTEM32;C:\Windows\WinSxS\amd64_microsoft.windows.common-controls_6595b64144ccf1df_6.0.19041.3636_none_60b6a03d71f818d5;C:\Program Files\Java\jdk-17\bin\server;C:\Users\sathonay\Documents\apache-maven-3.8.3\lib\jansi-native\Windows\x86_64

VM Arguments:
jvm_args: -Dclassworlds.conf=C:/Users/sathonay/Documents/apache-maven-3.8.3/bin/m2.conf -Dmaven.home=C:/Users/sathonay/Documents/apache-maven-3.8.3 -Dlibrary.jansi.path=C:/Users/sathonay/Documents/apache-maven-3.8.3/lib/jansi-native -Dmaven.multiModuleProjectDirectory=C:/Users/sathonay/Documents/GitHub/sathonay/nPaper 
java_command: org.codehaus.plexus.classworlds.launcher.Launcher clean install
java_class_path (initial): C:/Users/sathonay/Documents/apache-maven-3.8.3/boot/plexus-classworlds-2.6.0.jar
Launcher Type: SUN_STANDARD

[Global flags]
     intx CICompilerCount                          = 3                                         {product} {ergonomic}
     uint ConcGCThreads                            = 1                                         {product} {ergonomic}
     uint G1ConcRefinementThreads                  = 4                                         {product} {ergonomic}
   size_t G1HeapRegionSize                         = 1048576                                   {product} {ergonomic}
    uintx GCDrainStackTargetSize                   = 64                                        {product} {ergonomic}
   size_t InitialHeapSize                          = 134217728                                 {product} {ergonomic}
   size_t MarkStackSize                            = 4194304                                   {product} {ergonomic}
   size_t MaxHeapSize                              = 2130706432                                {product} {ergonomic}
   size_t MaxNewSize                               = 1278214144                                {product} {ergonomic}
   size_t MinHeapDeltaBytes                        = 1048576                                   {product} {ergonomic}
   size_t MinHeapSize                              = 8388608                                   {product} {ergonomic}
    uintx NonNMethodCodeHeapSize                   = 5832780                                {pd product} {ergonomic}
    uintx NonProfiledCodeHeapSize                  = 122912730                              {pd product} {ergonomic}
    uintx ProfiledCodeHeapSize                     = 122912730                              {pd product} {ergonomic}
    uintx ReservedCodeCacheSize                    = 251658240                              {pd product} {ergonomic}
     bool SegmentedCodeCache                       = true                                      {product} {ergonomic}
   size_t SoftMaxHeapSize                          = 2130706432                             {manageable} {ergonomic}
     bool UseCompressedClassPointers               = true                           {product lp64_product} {ergonomic}
     bool UseCompressedOops                        = true                           {product lp64_product} {ergonomic}
     bool UseG1GC                                  = true                                      {product} {ergonomic}
     bool UseLargePagesIndividualAllocation        = false                                  {pd product} {ergonomic}

Logging:
Log output configuration:
 #0: stdout all=warning uptime,level,tags
 #1: stderr all=off uptime,level,tags

Environment Variables:
JAVA_HOME=C:/Program Files/Java/jdk-17
PATH=C:\Program Files\Git\mingw64\bin;C:\Program Files\Git\usr\bin;C:\Users\sathonay\bin;C:\Program Files\Common Files\Oracle\Java\javapath;C:\Windows\system32;C:\Windows;C:\Windows\System32\Wbem;C:\Windows\System32\WindowsPowerShell\v1.0;C:\Windows\System32\OpenSSH;C:\Users\sathonay\Documents\apache-maven-3.8.3\bin;C:\Program Files\nodejs;C:\Program Files\Git\cmd;C:\Users\sathonay\AppData\Local\Programs\Hyper\resources\bin;C:\Program Files\Java\jdk-16.0.2\bin;C:\Program Files\NVIDIA Corporation\NVIDIA NvDLISR;C:\Program Files (x86)\NVIDIA Corporation\PhysX\Common;C:\Users\sathonay\Documents\php-8.2;C:\Program Files\Git\usr\bin;C:\Users\sathonay\AppData\Local\Microsoft\WindowsApps;C:\Users\sathonay\AppData\Local\GitHubDesktop\bin;C:\Users\sathonay\AppData\Roaming\npm;C:\Users\sathonay\AppData\Local\Programs\Microsoft VS Code\bin;C:\Program Files (x86)\Brackets;C:\Users\sathonay\AppData\Local\Programs\Neovim\bin;C:\Users\sathonay\AppData\Local\ComposerSetup\bin;C:\Users\sathonay\AppData\Roaming\Composer\vendor\bin
USERNAME=sathonay
OS=Windows_NT
PROCESSOR_IDENTIFIER=Intel64 Family 6 Model 60 Stepping 3, GenuineIntel



---------------  S Y S T E M  ---------------

OS:
 Windows 10 , 64 bit Build 19041 (10.0.19041.3636)
OS uptime: 1 days 22:23 hours

CPU: total 4 (initial active 4) (4 cores per cpu, 1 threads per core) family 6 model 60 stepping 3 microcode 0x27, cx8, cmov, fxsr, mmx, sse, sse2, sse3, ssse3, sse4.1, sse4.2, popcnt, lzcnt, tsc, tscinvbit, avx, avx2, aes, erms, clmul, bmi1, bmi2, fma, vzeroupper, clflush

Memory: 4k page, system-wide physical 8120M (288M free)
TotalPageFile size 22347M (AvailPageFile size 87M)
current process WorkingSet (physical memory assigned to process): 343M, peak: 373M
current process commit charge ("private bytes"): 416M, peak: 607M

vm_info: Java HotSpot(TM) 64-Bit Server VM (17.0.8+9-LTS-211) for windows-amd64 JRE (17.0.8+9-LTS-211), built on Jun 14 2023 10:34:31 by "mach5one" with MS VC++ 17.1 (VS2022)

END.
